2025-07-30 09:55:09.199 febs [main] INFO  cc.mrbird.febs.FebsApplication - Starting FebsApplication on DESKTOP-J4S0HA1 with PID 18980 (F:\TMSmanager\backend\target\classes started by 江西杰联医疗设备有限公司 in F:\TMSmanager\backend)
2025-07-30 09:55:09.201 febs [main] INFO  cc.mrbird.febs.FebsApplication - No active profile set, falling back to default profiles: default
2025-07-30 09:55:10.819 febs [main] INFO  o.s.d.r.c.RepositoryConfigurationDelegate - Multiple Spring Data modules found, entering strict repository configuration mode!
2025-07-30 09:55:10.821 febs [main] INFO  o.s.d.r.c.RepositoryConfigurationDelegate - Bootstrapping Spring Data repositories in DEFAULT mode.
2025-07-30 09:55:10.855 febs [main] INFO  o.s.d.r.c.RepositoryConfigurationDelegate - Finished Spring Data repository scanning in 22ms. Found 0 repository interfaces.
2025-07-30 09:55:11.037 febs [main] INFO  o.s.i.c.DefaultConfiguringBeanFactoryPostProcessor - No bean named 'errorChannel' has been explicitly defined. Therefore, a default PublishSubscribeChannel will be created.
2025-07-30 09:55:11.047 febs [main] INFO  o.s.i.c.DefaultConfiguringBeanFactoryPostProcessor - No bean named 'integrationHeaderChannelRegistry' has been explicitly defined. Therefore, a default DefaultHeaderChannelRegistry will be created.
2025-07-30 09:55:11.083 febs [main] INFO  o.s.c.s.PostProcessorRegistrationDelegate$BeanPostProcessorChecker - Bean 'asyncExecutorPoolConfig' of type [cc.mrbird.febs.common.config.AsyncExecutorPoolConfig$$EnhancerBySpringCGLIB$$53d00777] is not eligible for getting processed by all BeanPostProcessors (for example: not eligible for auto-proxying)
2025-07-30 09:55:11.163 febs [main] INFO  o.s.c.s.PostProcessorRegistrationDelegate$BeanPostProcessorChecker - Bean 'spring.datasource.dynamic-com.baomidou.dynamic.datasource.spring.boot.autoconfigure.DynamicDataSourceProperties' of type [com.baomidou.dynamic.datasource.spring.boot.autoconfigure.DynamicDataSourceProperties] is not eligible for getting processed by all BeanPostProcessors (for example: not eligible for auto-proxying)
2025-07-30 09:55:11.227 febs [main] INFO  o.s.c.s.PostProcessorRegistrationDelegate$BeanPostProcessorChecker - Bean 'com.baomidou.dynamic.datasource.spring.boot.autoconfigure.DynamicDataSourceAutoConfiguration' of type [com.baomidou.dynamic.datasource.spring.boot.autoconfigure.DynamicDataSourceAutoConfiguration$$EnhancerBySpringCGLIB$$2e1f531b] is not eligible for getting processed by all BeanPostProcessors (for example: not eligible for auto-proxying)
2025-07-30 09:55:11.233 febs [main] INFO  o.s.c.s.PostProcessorRegistrationDelegate$BeanPostProcessorChecker - Bean 'dsProcessor' of type [com.baomidou.dynamic.datasource.processor.DsHeaderProcessor] is not eligible for getting processed by all BeanPostProcessors (for example: not eligible for auto-proxying)
2025-07-30 09:55:11.236 febs [main] INFO  o.s.c.s.PostProcessorRegistrationDelegate$BeanPostProcessorChecker - Bean 'dynamicDatasourceAnnotationAdvisor' of type [com.baomidou.dynamic.datasource.aop.DynamicDataSourceAnnotationAdvisor] is not eligible for getting processed by all BeanPostProcessors (for example: not eligible for auto-proxying)
2025-07-30 09:55:11.249 febs [main] INFO  o.s.c.s.PostProcessorRegistrationDelegate$BeanPostProcessorChecker - Bean 'org.springframework.transaction.annotation.ProxyTransactionManagementConfiguration' of type [org.springframework.transaction.annotation.ProxyTransactionManagementConfiguration$$EnhancerBySpringCGLIB$$c490e24a] is not eligible for getting processed by all BeanPostProcessors (for example: not eligible for auto-proxying)
2025-07-30 09:55:11.259 febs [main] INFO  o.s.c.s.PostProcessorRegistrationDelegate$BeanPostProcessorChecker - Bean 'shiroConfig' of type [cc.mrbird.febs.common.authentication.ShiroConfig$$EnhancerBySpringCGLIB$$3010e3f3] is not eligible for getting processed by all BeanPostProcessors (for example: not eligible for auto-proxying)
2025-07-30 09:55:11.349 febs [main] INFO  o.s.c.s.PostProcessorRegistrationDelegate$BeanPostProcessorChecker - Bean 'redisConfig' of type [cc.mrbird.febs.common.config.RedisConfig$$EnhancerBySpringCGLIB$$28d59b47] is not eligible for getting processed by all BeanPostProcessors (for example: not eligible for auto-proxying)
2025-07-30 09:55:11.360 febs [main] INFO  o.s.c.s.PostProcessorRegistrationDelegate$BeanPostProcessorChecker - Bean 'redisPoolFactory' of type [redis.clients.jedis.JedisPool] is not eligible for getting processed by all BeanPostProcessors (for example: not eligible for auto-proxying)
2025-07-30 09:55:11.362 febs [main] INFO  o.s.c.s.PostProcessorRegistrationDelegate$BeanPostProcessorChecker - Bean 'redisService' of type [cc.mrbird.febs.common.service.impl.RedisServiceImpl] is not eligible for getting processed by all BeanPostProcessors (for example: not eligible for auto-proxying)
2025-07-30 09:55:11.455 febs [main] INFO  o.s.c.s.PostProcessorRegistrationDelegate$BeanPostProcessorChecker - Bean 'mybatis-plus-com.baomidou.mybatisplus.autoconfigure.MybatisPlusProperties' of type [com.baomidou.mybatisplus.autoconfigure.MybatisPlusProperties] is not eligible for getting processed by all BeanPostProcessors (for example: not eligible for auto-proxying)
2025-07-30 09:55:11.460 febs [main] INFO  o.s.c.s.PostProcessorRegistrationDelegate$BeanPostProcessorChecker - Bean 'mybatisPlusConfig' of type [cc.mrbird.febs.common.config.MybatisPlusConfig$$EnhancerBySpringCGLIB$$16183e59] is not eligible for getting processed by all BeanPostProcessors (for example: not eligible for auto-proxying)
2025-07-30 09:55:11.463 febs [main] INFO  o.s.c.s.PostProcessorRegistrationDelegate$BeanPostProcessorChecker - Bean 'paginationInterceptor' of type [com.baomidou.mybatisplus.extension.plugins.PaginationInterceptor] is not eligible for getting processed by all BeanPostProcessors (for example: not eligible for auto-proxying)
2025-07-30 09:55:11.467 febs [main] INFO  o.s.c.s.PostProcessorRegistrationDelegate$BeanPostProcessorChecker - Bean 'com.baomidou.mybatisplus.autoconfigure.MybatisPlusAutoConfiguration' of type [com.baomidou.mybatisplus.autoconfigure.MybatisPlusAutoConfiguration$$EnhancerBySpringCGLIB$$2594ee4] is not eligible for getting processed by all BeanPostProcessors (for example: not eligible for auto-proxying)
2025-07-30 09:55:11.472 febs [main] INFO  o.s.c.s.PostProcessorRegistrationDelegate$BeanPostProcessorChecker - Bean 'dynamicDataSourceCreator' of type [com.baomidou.dynamic.datasource.DynamicDataSourceCreator] is not eligible for getting processed by all BeanPostProcessors (for example: not eligible for auto-proxying)
2025-07-30 09:55:11.473 febs [main] INFO  o.s.c.s.PostProcessorRegistrationDelegate$BeanPostProcessorChecker - Bean 'dynamicDataSourceProvider' of type [com.baomidou.dynamic.datasource.provider.YmlDynamicDataSourceProvider] is not eligible for getting processed by all BeanPostProcessors (for example: not eligible for auto-proxying)
2025-07-30 09:55:11.475 febs [main] INFO  c.b.d.d.DynamicRoutingDataSource - 动态数据源-检测到并开启了p6spy
2025-07-30 09:55:11.482 febs [main] INFO  com.zaxxer.hikari.HikariDataSource - primary - Starting...
2025-07-30 09:55:11.595 febs [main] INFO  com.zaxxer.hikari.HikariDataSource - primary - Start completed.
2025-07-30 09:55:11.595 febs [main] INFO  c.b.d.d.DynamicRoutingDataSource - 初始共加载 1 个数据源
2025-07-30 09:55:11.596 febs [main] INFO  c.b.d.d.DynamicRoutingDataSource - 动态数据源-加载 primary 成功
2025-07-30 09:55:11.596 febs [main] INFO  c.b.d.d.DynamicRoutingDataSource - 当前的默认数据源是单数据源，数据源名为 primary
2025-07-30 09:55:11.596 febs [main] INFO  o.s.c.s.PostProcessorRegistrationDelegate$BeanPostProcessorChecker - Bean 'dataSource' of type [com.baomidou.dynamic.datasource.DynamicRoutingDataSource] is not eligible for getting processed by all BeanPostProcessors (for example: not eligible for auto-proxying)
2025-07-30 09:55:11.604 febs [main] INFO  o.s.c.s.PostProcessorRegistrationDelegate$BeanPostProcessorChecker - Bean 'spring.datasource-org.springframework.boot.autoconfigure.jdbc.DataSourceProperties' of type [org.springframework.boot.autoconfigure.jdbc.DataSourceProperties] is not eligible for getting processed by all BeanPostProcessors (for example: not eligible for auto-proxying)
2025-07-30 09:55:11.609 febs [main] INFO  o.s.c.s.PostProcessorRegistrationDelegate$BeanPostProcessorChecker - Bean 'org.springframework.boot.autoconfigure.jdbc.DataSourceInitializerInvoker' of type [org.springframework.boot.autoconfigure.jdbc.DataSourceInitializerInvoker] is not eligible for getting processed by all BeanPostProcessors (for example: not eligible for auto-proxying)
2025-07-30 09:55:12.288 febs [main] INFO  o.s.c.s.PostProcessorRegistrationDelegate$BeanPostProcessorChecker - Bean 'sqlSessionFactory' of type [org.apache.ibatis.session.defaults.DefaultSqlSessionFactory] is not eligible for getting processed by all BeanPostProcessors (for example: not eligible for auto-proxying)
2025-07-30 09:55:12.293 febs [main] INFO  o.s.c.s.PostProcessorRegistrationDelegate$BeanPostProcessorChecker - Bean 'sqlSessionTemplate' of type [org.mybatis.spring.SqlSessionTemplate] is not eligible for getting processed by all BeanPostProcessors (for example: not eligible for auto-proxying)
2025-07-30 09:55:12.294 febs [main] INFO  o.s.c.s.PostProcessorRegistrationDelegate$BeanPostProcessorChecker - Bean 'roleMapper' of type [org.mybatis.spring.mapper.MapperFactoryBean] is not eligible for getting processed by all BeanPostProcessors (for example: not eligible for auto-proxying)
2025-07-30 09:55:12.296 febs [main] INFO  o.s.c.s.PostProcessorRegistrationDelegate$BeanPostProcessorChecker - Bean 'roleMapper' of type [com.sun.proxy.$Proxy116] is not eligible for getting processed by all BeanPostProcessors (for example: not eligible for auto-proxying)
2025-07-30 09:55:12.309 febs [main] INFO  o.s.c.s.PostProcessorRegistrationDelegate$BeanPostProcessorChecker - Bean 'roleMenuMapper' of type [org.mybatis.spring.mapper.MapperFactoryBean] is not eligible for getting processed by all BeanPostProcessors (for example: not eligible for auto-proxying)
2025-07-30 09:55:12.310 febs [main] INFO  o.s.c.s.PostProcessorRegistrationDelegate$BeanPostProcessorChecker - Bean 'roleMenuMapper' of type [com.sun.proxy.$Proxy118] is not eligible for getting processed by all BeanPostProcessors (for example: not eligible for auto-proxying)
2025-07-30 09:55:12.315 febs [main] INFO  o.s.c.s.PostProcessorRegistrationDelegate$BeanPostProcessorChecker - Bean 'userRoleMapper' of type [org.mybatis.spring.mapper.MapperFactoryBean] is not eligible for getting processed by all BeanPostProcessors (for example: not eligible for auto-proxying)
2025-07-30 09:55:12.316 febs [main] INFO  o.s.c.s.PostProcessorRegistrationDelegate$BeanPostProcessorChecker - Bean 'userRoleMapper' of type [com.sun.proxy.$Proxy119] is not eligible for getting processed by all BeanPostProcessors (for example: not eligible for auto-proxying)
2025-07-30 09:55:12.317 febs [main] INFO  o.s.c.s.PostProcessorRegistrationDelegate$BeanPostProcessorChecker - Bean 'userRoleService' of type [cc.mrbird.febs.system.service.impl.UserRoleServiceImpl] is not eligible for getting processed by all BeanPostProcessors (for example: not eligible for auto-proxying)
2025-07-30 09:55:12.342 febs [main] INFO  o.s.c.s.PostProcessorRegistrationDelegate$BeanPostProcessorChecker - Bean 'roleMenuService' of type [cc.mrbird.febs.system.service.impl.RoleMenuServiceImpl] is not eligible for getting processed by all BeanPostProcessors (for example: not eligible for auto-proxying)
2025-07-30 09:55:12.355 febs [main] INFO  o.s.c.s.PostProcessorRegistrationDelegate$BeanPostProcessorChecker - Bean 'roleService' of type [cc.mrbird.febs.system.service.impl.RoleServiceImpl] is not eligible for getting processed by all BeanPostProcessors (for example: not eligible for auto-proxying)
2025-07-30 09:55:12.371 febs [main] INFO  o.s.c.s.PostProcessorRegistrationDelegate$BeanPostProcessorChecker - Bean 'menuMapper' of type [org.mybatis.spring.mapper.MapperFactoryBean] is not eligible for getting processed by all BeanPostProcessors (for example: not eligible for auto-proxying)
2025-07-30 09:55:12.372 febs [main] INFO  o.s.c.s.PostProcessorRegistrationDelegate$BeanPostProcessorChecker - Bean 'menuMapper' of type [com.sun.proxy.$Proxy123] is not eligible for getting processed by all BeanPostProcessors (for example: not eligible for auto-proxying)
2025-07-30 09:55:12.374 febs [main] INFO  o.s.c.s.PostProcessorRegistrationDelegate$BeanPostProcessorChecker - Bean 'menuService' of type [cc.mrbird.febs.system.service.impl.MenuServiceImpl] is not eligible for getting processed by all BeanPostProcessors (for example: not eligible for auto-proxying)
2025-07-30 09:55:12.389 febs [main] INFO  o.s.c.s.PostProcessorRegistrationDelegate$BeanPostProcessorChecker - Bean 'userMapper' of type [org.mybatis.spring.mapper.MapperFactoryBean] is not eligible for getting processed by all BeanPostProcessors (for example: not eligible for auto-proxying)
2025-07-30 09:55:12.390 febs [main] INFO  o.s.c.s.PostProcessorRegistrationDelegate$BeanPostProcessorChecker - Bean 'userMapper' of type [com.sun.proxy.$Proxy125] is not eligible for getting processed by all BeanPostProcessors (for example: not eligible for auto-proxying)
2025-07-30 09:55:12.403 febs [main] INFO  o.s.c.s.PostProcessorRegistrationDelegate$BeanPostProcessorChecker - Bean 'userConfigMapper' of type [org.mybatis.spring.mapper.MapperFactoryBean] is not eligible for getting processed by all BeanPostProcessors (for example: not eligible for auto-proxying)
2025-07-30 09:55:12.404 febs [main] INFO  o.s.c.s.PostProcessorRegistrationDelegate$BeanPostProcessorChecker - Bean 'userConfigMapper' of type [com.sun.proxy.$Proxy126] is not eligible for getting processed by all BeanPostProcessors (for example: not eligible for auto-proxying)
2025-07-30 09:55:12.406 febs [main] INFO  o.s.c.s.PostProcessorRegistrationDelegate$BeanPostProcessorChecker - Bean 'userConfigService' of type [cc.mrbird.febs.system.service.impl.UserConfigServiceImpl] is not eligible for getting processed by all BeanPostProcessors (for example: not eligible for auto-proxying)
2025-07-30 09:55:12.421 febs [main] INFO  o.s.c.s.PostProcessorRegistrationDelegate$BeanPostProcessorChecker - Bean 'userInfoMapper' of type [org.mybatis.spring.mapper.MapperFactoryBean] is not eligible for getting processed by all BeanPostProcessors (for example: not eligible for auto-proxying)
2025-07-30 09:55:12.422 febs [main] INFO  o.s.c.s.PostProcessorRegistrationDelegate$BeanPostProcessorChecker - Bean 'userInfoMapper' of type [com.sun.proxy.$Proxy128] is not eligible for getting processed by all BeanPostProcessors (for example: not eligible for auto-proxying)
2025-07-30 09:55:12.422 febs [main] INFO  o.s.c.s.PostProcessorRegistrationDelegate$BeanPostProcessorChecker - Bean 'userInfoServiceImpl' of type [cc.mrbird.febs.cos.service.impl.UserInfoServiceImpl] is not eligible for getting processed by all BeanPostProcessors (for example: not eligible for auto-proxying)
2025-07-30 09:55:12.430 febs [main] INFO  o.s.c.s.PostProcessorRegistrationDelegate$BeanPostProcessorChecker - Bean 'userService' of type [cc.mrbird.febs.system.service.impl.UserServiceImpl] is not eligible for getting processed by all BeanPostProcessors (for example: not eligible for auto-proxying)
2025-07-30 09:55:12.444 febs [main] INFO  o.s.c.s.PostProcessorRegistrationDelegate$BeanPostProcessorChecker - Bean 'org.springframework.boot.autoconfigure.jackson.JacksonAutoConfiguration$JacksonObjectMapperConfiguration' of type [org.springframework.boot.autoconfigure.jackson.JacksonAutoConfiguration$JacksonObjectMapperConfiguration$$EnhancerBySpringCGLIB$$202461db] is not eligible for getting processed by all BeanPostProcessors (for example: not eligible for auto-proxying)
2025-07-30 09:55:12.446 febs [main] INFO  o.s.c.s.PostProcessorRegistrationDelegate$BeanPostProcessorChecker - Bean 'org.springframework.boot.autoconfigure.jackson.JacksonAutoConfiguration$JacksonObjectMapperBuilderConfiguration' of type [org.springframework.boot.autoconfigure.jackson.JacksonAutoConfiguration$JacksonObjectMapperBuilderConfiguration$$EnhancerBySpringCGLIB$$d27123f4] is not eligible for getting processed by all BeanPostProcessors (for example: not eligible for auto-proxying)
2025-07-30 09:55:12.448 febs [main] INFO  o.s.c.s.PostProcessorRegistrationDelegate$BeanPostProcessorChecker - Bean 'org.springframework.boot.autoconfigure.jackson.JacksonAutoConfiguration$Jackson2ObjectMapperBuilderCustomizerConfiguration' of type [org.springframework.boot.autoconfigure.jackson.JacksonAutoConfiguration$Jackson2ObjectMapperBuilderCustomizerConfiguration$$EnhancerBySpringCGLIB$$8d8809e3] is not eligible for getting processed by all BeanPostProcessors (for example: not eligible for auto-proxying)
2025-07-30 09:55:12.452 febs [main] INFO  o.s.c.s.PostProcessorRegistrationDelegate$BeanPostProcessorChecker - Bean 'spring.jackson-org.springframework.boot.autoconfigure.jackson.JacksonProperties' of type [org.springframework.boot.autoconfigure.jackson.JacksonProperties] is not eligible for getting processed by all BeanPostProcessors (for example: not eligible for auto-proxying)
2025-07-30 09:55:12.453 febs [main] INFO  o.s.c.s.PostProcessorRegistrationDelegate$BeanPostProcessorChecker - Bean 'standardJacksonObjectMapperBuilderCustomizer' of type [org.springframework.boot.autoconfigure.jackson.JacksonAutoConfiguration$Jackson2ObjectMapperBuilderCustomizerConfiguration$StandardJackson2ObjectMapperBuilderCustomizer] is not eligible for getting processed by all BeanPostProcessors (for example: not eligible for auto-proxying)
2025-07-30 09:55:12.456 febs [main] INFO  o.s.c.s.PostProcessorRegistrationDelegate$BeanPostProcessorChecker - Bean 'org.springframework.boot.autoconfigure.jackson.JacksonAutoConfiguration$ParameterNamesModuleConfiguration' of type [org.springframework.boot.autoconfigure.jackson.JacksonAutoConfiguration$ParameterNamesModuleConfiguration$$EnhancerBySpringCGLIB$$b4538111] is not eligible for getting processed by all BeanPostProcessors (for example: not eligible for auto-proxying)
2025-07-30 09:55:12.459 febs [main] INFO  o.s.c.s.PostProcessorRegistrationDelegate$BeanPostProcessorChecker - Bean 'parameterNamesModule' of type [com.fasterxml.jackson.module.paramnames.ParameterNamesModule] is not eligible for getting processed by all BeanPostProcessors (for example: not eligible for auto-proxying)
2025-07-30 09:55:12.460 febs [main] INFO  o.s.c.s.PostProcessorRegistrationDelegate$BeanPostProcessorChecker - Bean 'org.springframework.boot.autoconfigure.jackson.JacksonAutoConfiguration' of type [org.springframework.boot.autoconfigure.jackson.JacksonAutoConfiguration$$EnhancerBySpringCGLIB$$22fff6a] is not eligible for getting processed by all BeanPostProcessors (for example: not eligible for auto-proxying)
2025-07-30 09:55:12.467 febs [main] INFO  o.s.c.s.PostProcessorRegistrationDelegate$BeanPostProcessorChecker - Bean 'jsonComponentModule' of type [org.springframework.boot.jackson.JsonComponentModule] is not eligible for getting processed by all BeanPostProcessors (for example: not eligible for auto-proxying)
2025-07-30 09:55:12.468 febs [main] INFO  o.s.c.s.PostProcessorRegistrationDelegate$BeanPostProcessorChecker - Bean 'org.springframework.data.web.config.SpringDataJacksonConfiguration' of type [org.springframework.data.web.config.SpringDataJacksonConfiguration] is not eligible for getting processed by all BeanPostProcessors (for example: not eligible for auto-proxying)
2025-07-30 09:55:12.471 febs [main] INFO  o.s.c.s.PostProcessorRegistrationDelegate$BeanPostProcessorChecker - Bean 'jacksonGeoModule' of type [org.springframework.data.geo.GeoModule] is not eligible for getting processed by all BeanPostProcessors (for example: not eligible for auto-proxying)
2025-07-30 09:55:12.472 febs [main] INFO  o.s.c.s.PostProcessorRegistrationDelegate$BeanPostProcessorChecker - Bean 'jacksonObjectMapperBuilder' of type [org.springframework.http.converter.json.Jackson2ObjectMapperBuilder] is not eligible for getting processed by all BeanPostProcessors (for example: not eligible for auto-proxying)
2025-07-30 09:55:12.484 febs [main] INFO  o.s.c.s.PostProcessorRegistrationDelegate$BeanPostProcessorChecker - Bean 'jacksonObjectMapper' of type [com.fasterxml.jackson.databind.ObjectMapper] is not eligible for getting processed by all BeanPostProcessors (for example: not eligible for auto-proxying)
2025-07-30 09:55:12.492 febs [main] INFO  o.s.c.s.PostProcessorRegistrationDelegate$BeanPostProcessorChecker - Bean 'cacheService' of type [cc.mrbird.febs.common.service.impl.CacheServiceImpl] is not eligible for getting processed by all BeanPostProcessors (for example: not eligible for auto-proxying)
2025-07-30 09:55:12.495 febs [main] INFO  o.s.c.s.PostProcessorRegistrationDelegate$BeanPostProcessorChecker - Bean 'userManager' of type [cc.mrbird.febs.system.manager.UserManager] is not eligible for getting processed by all BeanPostProcessors (for example: not eligible for auto-proxying)
2025-07-30 09:55:12.496 febs [main] INFO  o.s.c.s.PostProcessorRegistrationDelegate$BeanPostProcessorChecker - Bean 'shiroRealm' of type [cc.mrbird.febs.common.authentication.ShiroRealm] is not eligible for getting processed by all BeanPostProcessors (for example: not eligible for auto-proxying)
2025-07-30 09:55:12.502 febs [main] INFO  o.s.c.s.PostProcessorRegistrationDelegate$BeanPostProcessorChecker - Bean 'securityManager' of type [org.apache.shiro.web.mgt.DefaultWebSecurityManager] is not eligible for getting processed by all BeanPostProcessors (for example: not eligible for auto-proxying)
2025-07-30 09:55:12.511 febs [main] INFO  o.s.c.s.PostProcessorRegistrationDelegate$BeanPostProcessorChecker - Bean 'authorizationAttributeSourceAdvisor' of type [org.apache.shiro.spring.security.interceptor.AuthorizationAttributeSourceAdvisor] is not eligible for getting processed by all BeanPostProcessors (for example: not eligible for auto-proxying)
2025-07-30 09:55:12.519 febs [main] INFO  o.s.c.s.PostProcessorRegistrationDelegate$BeanPostProcessorChecker - Bean 'org.springframework.integration.config.IntegrationManagementConfiguration' of type [org.springframework.integration.config.IntegrationManagementConfiguration$$EnhancerBySpringCGLIB$$2f829d79] is not eligible for getting processed by all BeanPostProcessors (for example: not eligible for auto-proxying)
2025-07-30 09:55:12.529 febs [main] INFO  o.s.c.s.PostProcessorRegistrationDelegate$BeanPostProcessorChecker - Bean 'integrationDisposableAutoCreatedBeans' of type [org.springframework.integration.config.annotation.Disposables] is not eligible for getting processed by all BeanPostProcessors (for example: not eligible for auto-proxying)
2025-07-30 09:55:12.781 febs [main] INFO  o.s.b.w.e.tomcat.TomcatWebServer - Tomcat initialized with port(s): 9527 (http)
2025-07-30 09:55:12.791 febs [main] INFO  o.a.coyote.http11.Http11NioProtocol - Initializing ProtocolHandler ["http-nio-9527"]
2025-07-30 09:55:12.794 febs [main] INFO  o.a.catalina.core.StandardService - Starting service [Tomcat]
2025-07-30 09:55:12.794 febs [main] INFO  o.a.catalina.core.StandardEngine - Starting Servlet Engine: Apache Tomcat/9.0.12
2025-07-30 09:55:12.799 febs [main] INFO  o.a.c.core.AprLifecycleListener - The APR based Apache Tomcat Native library which allows optimal performance in production environments was not found on the java.library.path: [C:\Users\江西杰联医疗设备有限公司\.jdks\corretto-1.8.0_452\bin;C:\WINDOWS\Sun\Java\bin;C:\WINDOWS\system32;C:\WINDOWS;C:\Program Files\Java\jdk-17\bin;C:\Program Files\Common Files\Oracle\Java\javapath;C:\Program Files (x86)\Common Files\Oracle\Java\java8path;C:\Program Files (x86)\Common Files\Oracle\Java\javapath;C:\WINDOWS\system32;C:\WINDOWS;C:\WINDOWS\System32\Wbem;C:\WINDOWS\System32\WindowsPowerShell\v1.0\;C:\WINDOWS\System32\OpenSSH\;C:\Program Files\Microsoft SQL Server\Client SDK\ODBC\170\Tools\Binn\;C:\Program Files\dotnet\;C:\Program Files (x86)\Microsoft SQL Server\160\DTS\Binn\;F:\Git\cmd;D:\java\bin;D:\java\lib;C:\Program Files\MATLAB\R2024a\runtime\win64;C:\Program Files\MATLAB\R2024a\bin;F:\vivo\pcsuite\;D:\Git LFS;F:\Maven\apache-maven-3.8.9\bin;F:\nodejs\;F:\Yarn\bin\;C:\Program Files\Java\jdk-17\bin;C:\Program Files\Common Files\Oracle\Java\javapath;C:\Program Files (x86)\Common Files\Oracle\Java\java8path;C:\Program Files (x86)\Common Files\Oracle\Java\javapath;C:\WINDOWS\system32;C:\WINDOWS;C:\WINDOWS\System32\Wbem;C:\WINDOWS\System32\WindowsPowerShell\v1.0\;C:\WINDOWS\System32\OpenSSH\;C:\Program Files\Microsoft SQL Server\Client SDK\ODBC\170\Tools\Binn\;C:\Program Files\dotnet\;C:\Program Files (x86)\Microsoft SQL Server\160\DTS\Binn\;F:\Git\cmd;D:\java\bin;D:\java\lib;C:\Program Files\MATLAB\R2024a\runtime\win64;C:\Program Files\MATLAB\R2024a\bin;F:\vivo\pcsuite\;D:\Git LFS;F:\Maven\apache-maven-3.8.9\bin;F:\nodejs\;F:\Yarn\bin\;C:\Users\江西杰联医疗设备有限公司\AppData\Local\Programs\cursor\resources\app\bin;C:\Program Files\Java\jdk-17\bin;.]
2025-07-30 09:55:12.887 febs [main] INFO  o.a.c.c.C.[Tomcat].[localhost].[/] - Initializing Spring embedded WebApplicationContext
2025-07-30 09:55:12.887 febs [main] INFO  o.s.web.context.ContextLoader - Root WebApplicationContext: initialization completed in 3644 ms
2025-07-30 09:55:13.265 febs [main] INFO  o.s.b.w.s.FilterRegistrationBean - Mapping filter: 'characterEncodingFilter' to: [/*]
2025-07-30 09:55:13.265 febs [main] INFO  o.s.b.w.s.FilterRegistrationBean - Mapping filter: 'webMvcMetricsFilter' to: [/*]
2025-07-30 09:55:13.265 febs [main] INFO  o.s.b.w.s.FilterRegistrationBean - Mapping filter: 'hiddenHttpMethodFilter' to: [/*]
2025-07-30 09:55:13.265 febs [main] INFO  o.s.b.w.s.FilterRegistrationBean - Mapping filter: 'formContentFilter' to: [/*]
2025-07-30 09:55:13.265 febs [main] INFO  o.s.b.w.s.FilterRegistrationBean - Mapping filter: 'requestContextFilter' to: [/*]
2025-07-30 09:55:13.265 febs [main] INFO  o.s.b.w.s.FilterRegistrationBean - Mapping filter: 'httpTraceFilter' to: [/*]
2025-07-30 09:55:13.265 febs [main] INFO  o.s.b.w.s.FilterRegistrationBean - Mapping filter: 'shiroFilterFactoryBean' to: [/*]
2025-07-30 09:55:13.265 febs [main] INFO  o.s.b.w.s.ServletRegistrationBean - Servlet dispatcherServlet mapped to [/]
2025-07-30 09:55:14.205 febs [main] INFO  o.s.s.c.ThreadPoolTaskExecutor - Initializing ExecutorService 'taskExecutor'
2025-07-30 09:55:15.118 febs [main] INFO  org.quartz.impl.StdSchedulerFactory - Using default implementation for ThreadExecutor
2025-07-30 09:55:15.125 febs [main] INFO  o.quartz.core.SchedulerSignalerImpl - Initialized Scheduler Signaller of type: class org.quartz.core.SchedulerSignalerImpl
2025-07-30 09:55:15.125 febs [main] INFO  org.quartz.core.QuartzScheduler - Quartz Scheduler v.2.3.0 created.
2025-07-30 09:55:15.126 febs [main] INFO  org.quartz.simpl.RAMJobStore - RAMJobStore initialized.
2025-07-30 09:55:15.126 febs [main] INFO  org.quartz.core.QuartzScheduler - Scheduler meta-data: Quartz Scheduler (v2.3.0) 'quartzScheduler' with instanceId 'NON_CLUSTERED'
  Scheduler class: 'org.quartz.core.QuartzScheduler' - running locally.
  NOT STARTED.
  Currently in standby mode.
  Number of jobs executed: 0
  Using thread pool 'org.quartz.simpl.SimpleThreadPool' - with 10 threads.
  Using job-store 'org.quartz.simpl.RAMJobStore' - which does not support persistence. and is not clustered.

2025-07-30 09:55:15.126 febs [main] INFO  org.quartz.impl.StdSchedulerFactory - Quartz scheduler 'quartzScheduler' initialized from an externally provided properties instance.
2025-07-30 09:55:15.126 febs [main] INFO  org.quartz.impl.StdSchedulerFactory - Quartz scheduler version: 2.3.0
2025-07-30 09:55:15.126 febs [main] INFO  org.quartz.core.QuartzScheduler - JobFactory set to: org.springframework.scheduling.quartz.SpringBeanJobFactory@4a3bf37c
2025-07-30 09:55:15.141 febs [main] INFO  o.s.s.c.ThreadPoolTaskScheduler - Initializing ExecutorService 'taskScheduler'
2025-07-30 09:55:15.178 febs [main] INFO  o.s.b.a.e.web.EndpointLinksResolver - Exposing 2 endpoint(s) beneath base path '/actuator'
2025-07-30 09:55:15.352 febs [main] INFO  o.s.i.endpoint.EventDrivenConsumer - Adding {logging-channel-adapter:_org.springframework.integration.errorLogger} as a subscriber to the 'errorChannel' channel
2025-07-30 09:55:15.353 febs [main] INFO  o.s.i.c.PublishSubscribeChannel - Channel 'application.errorChannel' has 1 subscriber(s).
2025-07-30 09:55:15.353 febs [main] INFO  o.s.i.endpoint.EventDrivenConsumer - started _org.springframework.integration.errorLogger
2025-07-30 09:55:15.353 febs [main] INFO  o.s.i.endpoint.EventDrivenConsumer - Adding {message-handler:deviceMqttConfig.mqttOutbound.serviceActivator} as a subscriber to the 'toiletMqttOutboundChannel' channel
2025-07-30 09:55:15.353 febs [main] INFO  o.s.i.channel.DirectChannel - Channel 'application.toiletMqttOutboundChannel' has 1 subscriber(s).
2025-07-30 09:55:15.353 febs [main] INFO  o.s.i.endpoint.EventDrivenConsumer - started deviceMqttConfig.mqttOutbound.serviceActivator
2025-07-30 09:55:15.353 febs [main] INFO  o.s.i.endpoint.EventDrivenConsumer - Adding {message-handler:deviceMqttConfig.InboundMessageHandler.serviceActivator} as a subscriber to the 'toiletMqttInboundChannel' channel
2025-07-30 09:55:15.353 febs [main] INFO  o.s.i.channel.DirectChannel - Channel 'application.toiletMqttInboundChannel' has 1 subscriber(s).
2025-07-30 09:55:15.353 febs [main] INFO  o.s.i.endpoint.EventDrivenConsumer - started deviceMqttConfig.InboundMessageHandler.serviceActivator
2025-07-30 09:55:16.198 febs [main] INFO  o.s.i.m.i.MqttPahoMessageDrivenChannelAdapter - started toiletMqttInbound
2025-07-30 09:55:16.198 febs [main] INFO  o.s.s.quartz.SchedulerFactoryBean - Starting Quartz Scheduler now
2025-07-30 09:55:16.198 febs [main] INFO  org.quartz.core.QuartzScheduler - Scheduler quartzScheduler_$_NON_CLUSTERED started.
2025-07-30 09:55:16.220 febs [main] INFO  o.a.coyote.http11.Http11NioProtocol - Starting ProtocolHandler ["http-nio-9527"]
2025-07-30 09:55:16.233 febs [main] INFO  o.a.tomcat.util.net.NioSelectorPool - Using a shared selector for servlet write/read
2025-07-30 09:55:16.243 febs [main] INFO  o.s.b.w.e.tomcat.TomcatWebServer - Tomcat started on port(s): 9527 (http) with context path ''
2025-07-30 09:55:16.245 febs [main] INFO  cc.mrbird.febs.FebsApplication - Started FebsApplication in 7.444 seconds (JVM running for 8.305)
2025-07-30 09:55:16.251 febs [main] INFO  c.m.f.common.runner.CacheInitRunner - Redis连接中 ······
2025-07-30 09:55:16.260 febs [main] INFO  c.m.f.common.runner.CacheInitRunner - 缓存初始化 ······
2025-07-30 09:55:16.260 febs [main] INFO  c.m.f.common.runner.CacheInitRunner - 缓存用户数据 ······
2025-07-30 09:55:16.275 febs [scheduling-1] INFO  p6spy - 2025-07-30 09:55:16 | 耗时 12 ms | SQL 语句：
SELECT id,code,name,type_id,online_flag,create_date,open_flag,device_value,alert_value,value_type,remark,user_id,last_open_date,address FROM device_info;
2025-07-30 09:55:16.278 febs [main] INFO  p6spy - 2025-07-30 09:55:16 | 耗时 15 ms | SQL 语句：
SELECT USER_ID,username,password,dept_id,email,mobile,status,create_time,modify_time,last_login_time,ssex,description,avatar FROM t_user;
2025-07-30 09:55:16.299 febs [scheduling-1] INFO  p6spy - 2025-07-30 09:55:16 | 耗时 1 ms | SQL 语句：
SELECT id,device_id,device_type_id,type,score,create_date,remark FROM device_alert_info WHERE type = '2';
2025-07-30 09:55:16.310 febs [main] INFO  p6spy - 2025-07-30 09:55:16 | 耗时 26 ms | SQL 语句：
SELECT u.user_id userId, u.username, u.password, u.email, u.mobile, u. STATUS, u.create_time createTime, u.ssex, d.dept_id deptId, d.dept_name deptName, u.AVATAR, u.DESCRIPTION, u.LAST_LOGIN_TIME lastLoginTime, GROUP_CONCAT(r.role_id) roleId, GROUP_CONCAT(r.ROLE_NAME) roleName FROM t_user u LEFT JOIN t_dept d ON (u.dept_id = d.dept_id) LEFT JOIN t_user_role ur ON (u.user_id = ur.user_id) LEFT JOIN t_role r ON r.role_id = ur.role_id WHERE u.username = 'admin' group by u.username, u.user_id, u.password, u.email, u.mobile, u.STATUS, u.create_time, u.ssex, d.dept_id, d.dept_name, u.AVATAR, u.DESCRIPTION, u.LAST_LOGIN_TIME;
2025-07-30 09:55:16.351 febs [main] INFO  p6spy - 2025-07-30 09:55:16 | 耗时 0 ms | SQL 语句：
select r.* from t_role r left join t_user_role ur on (r.role_id = ur.role_id) left join t_user u on (u.user_id = ur.user_id) where u.username = 'admin';
2025-07-30 09:55:16.363 febs [scheduling-1] INFO  p6spy - 2025-07-30 09:55:16 | 耗时 0 ms | SQL 语句：
SELECT id,code,name,type_id,online_flag,create_date,open_flag,device_value,alert_value,value_type,remark,user_id,last_open_date,address FROM device_info WHERE open_flag = '1';
2025-07-30 09:55:16.366 febs [scheduling-1] INFO  p6spy - 2025-07-30 09:55:16 | 耗时 0 ms | SQL 语句：
SELECT id,device_id,device_type_id,type,score,create_date,remark FROM device_alert_info WHERE type = '1';
2025-07-30 09:55:16.366 febs [main] INFO  p6spy - 2025-07-30 09:55:16 | 耗时 8 ms | SQL 语句：
select distinct m.perms from t_role r left join t_user_role ur on (r.role_id = ur.role_id) left join t_user u on (u.user_id = ur.user_id) left join t_role_menu rm on (rm.role_id = r.role_id) left join t_menu m on (m.menu_id = rm.menu_id) where u.username = 'admin' and m.perms is not null and m.perms <> '';
2025-07-30 09:55:16.367 febs [scheduling-1] INFO  cc.mrbird.febs.common.task.CacheTask - delete expired user
2025-07-30 09:55:16.377 febs [main] INFO  p6spy - 2025-07-30 09:55:16 | 耗时 7 ms | SQL 语句：
SELECT USER_ID,theme,layout,multi_page,fix_siderbar,fix_header,color FROM t_user_config WHERE USER_ID='1' ;
2025-07-30 09:55:16.380 febs [main] INFO  p6spy - 2025-07-30 09:55:16 | 耗时 0 ms | SQL 语句：
SELECT u.user_id userId, u.username, u.password, u.email, u.mobile, u. STATUS, u.create_time createTime, u.ssex, d.dept_id deptId, d.dept_name deptName, u.AVATAR, u.DESCRIPTION, u.LAST_LOGIN_TIME lastLoginTime, GROUP_CONCAT(r.role_id) roleId, GROUP_CONCAT(r.ROLE_NAME) roleName FROM t_user u LEFT JOIN t_dept d ON (u.dept_id = d.dept_id) LEFT JOIN t_user_role ur ON (u.user_id = ur.user_id) LEFT JOIN t_role r ON r.role_id = ur.role_id WHERE u.username = 'doctor' group by u.username, u.user_id, u.password, u.email, u.mobile, u.STATUS, u.create_time, u.ssex, d.dept_id, d.dept_name, u.AVATAR, u.DESCRIPTION, u.LAST_LOGIN_TIME;
2025-07-30 09:55:16.382 febs [main] INFO  p6spy - 2025-07-30 09:55:16 | 耗时 0 ms | SQL 语句：
select r.* from t_role r left join t_user_role ur on (r.role_id = ur.role_id) left join t_user u on (u.user_id = ur.user_id) where u.username = 'doctor';
2025-07-30 09:55:16.383 febs [main] INFO  p6spy - 2025-07-30 09:55:16 | 耗时 0 ms | SQL 语句：
select distinct m.perms from t_role r left join t_user_role ur on (r.role_id = ur.role_id) left join t_user u on (u.user_id = ur.user_id) left join t_role_menu rm on (rm.role_id = r.role_id) left join t_menu m on (m.menu_id = rm.menu_id) where u.username = 'doctor' and m.perms is not null and m.perms <> '';
2025-07-30 09:55:16.384 febs [main] INFO  p6spy - 2025-07-30 09:55:16 | 耗时 0 ms | SQL 语句：
SELECT USER_ID,theme,layout,multi_page,fix_siderbar,fix_header,color FROM t_user_config WHERE USER_ID='2' ;
2025-07-30 09:55:16.386 febs [main] INFO  p6spy - 2025-07-30 09:55:16 | 耗时 0 ms | SQL 语句：
SELECT u.user_id userId, u.username, u.password, u.email, u.mobile, u. STATUS, u.create_time createTime, u.ssex, d.dept_id deptId, d.dept_name deptName, u.AVATAR, u.DESCRIPTION, u.LAST_LOGIN_TIME lastLoginTime, GROUP_CONCAT(r.role_id) roleId, GROUP_CONCAT(r.ROLE_NAME) roleName FROM t_user u LEFT JOIN t_dept d ON (u.dept_id = d.dept_id) LEFT JOIN t_user_role ur ON (u.user_id = ur.user_id) LEFT JOIN t_role r ON r.role_id = ur.role_id WHERE u.username = 'nurse' group by u.username, u.user_id, u.password, u.email, u.mobile, u.STATUS, u.create_time, u.ssex, d.dept_id, d.dept_name, u.AVATAR, u.DESCRIPTION, u.LAST_LOGIN_TIME;
2025-07-30 09:55:16.387 febs [main] INFO  p6spy - 2025-07-30 09:55:16 | 耗时 0 ms | SQL 语句：
select r.* from t_role r left join t_user_role ur on (r.role_id = ur.role_id) left join t_user u on (u.user_id = ur.user_id) where u.username = 'nurse';
2025-07-30 09:55:16.389 febs [main] INFO  p6spy - 2025-07-30 09:55:16 | 耗时 0 ms | SQL 语句：
select distinct m.perms from t_role r left join t_user_role ur on (r.role_id = ur.role_id) left join t_user u on (u.user_id = ur.user_id) left join t_role_menu rm on (rm.role_id = r.role_id) left join t_menu m on (m.menu_id = rm.menu_id) where u.username = 'nurse' and m.perms is not null and m.perms <> '';
2025-07-30 09:55:16.390 febs [main] INFO  p6spy - 2025-07-30 09:55:16 | 耗时 0 ms | SQL 语句：
SELECT USER_ID,theme,layout,multi_page,fix_siderbar,fix_header,color FROM t_user_config WHERE USER_ID='3' ;
2025-07-30 09:55:16.390 febs [main] INFO  c.m.f.common.runner.StartedUpRunner -  __    ___   _      ___   _     ____ _____  ____ 
2025-07-30 09:55:16.390 febs [main] INFO  c.m.f.common.runner.StartedUpRunner - / /`  / / \ | |\/| | |_) | |   | |_   | |  | |_  
2025-07-30 09:55:16.390 febs [main] INFO  c.m.f.common.runner.StartedUpRunner - \_\_, \_\_/ |_|  | |_|   |_|__ |_|__  |_|  |_|__ 
2025-07-30 09:55:16.390 febs [main] INFO  c.m.f.common.runner.StartedUpRunner -                                                       
2025-07-30 09:55:16.390 febs [main] INFO  c.m.f.common.runner.StartedUpRunner - 启动完毕，时间：2025-07-30T09:55:16.390
2025-07-30 09:55:16.661 febs [RMI TCP Connection(3)-192.168.10.15] INFO  o.a.c.c.C.[Tomcat].[localhost].[/] - Initializing Spring DispatcherServlet 'dispatcherServlet'
2025-07-30 09:55:16.661 febs [RMI TCP Connection(3)-192.168.10.15] INFO  o.s.web.servlet.DispatcherServlet - Initializing Servlet 'dispatcherServlet'
2025-07-30 09:55:16.663 febs [RMI TCP Connection(2)-192.168.10.15] INFO  p6spy - 2025-07-30 09:55:16 | 耗时 0 ms | SQL 语句：
/* ping */ SELECT 1;
2025-07-30 09:55:16.677 febs [RMI TCP Connection(3)-192.168.10.15] INFO  o.s.web.servlet.DispatcherServlet - Completed initialization in 16 ms
2025-07-30 09:56:20.144 febs [http-nio-9527-exec-7] INFO  c.m.febs.common.aspect.LimitAspect - IP:127.0.0.1 第 1 次访问key为 [limit_login127.0.0.1]，描述为 [登录接口] 的接口
2025-07-30 09:56:20.340 febs [http-nio-9527-exec-6] INFO  c.m.f.common.authentication.JWTUtil - token is valid
2025-07-30 09:56:20.360 febs [http-nio-9527-exec-6] INFO  p6spy - 2025-07-30 09:56:20 | 耗时 5 ms | SQL 语句：
select m.* from t_menu m where m.type <> 1 and m.DELETE_MARK = 0 and m.MENU_ID in (select distinct rm.menu_id from t_role_menu rm left join t_role r on (rm.role_id = r.role_id) left join t_user_role ur on (ur.role_id = r.role_id) left join t_user u on (u.user_id = ur.user_id) where u.username = 'admin') order by m.order_num;
2025-07-30 09:56:20.430 febs [http-nio-9527-exec-5] INFO  c.m.f.common.authentication.JWTUtil - token is valid
2025-07-30 09:56:20.444 febs [http-nio-9527-exec-5] INFO  p6spy - 2025-07-30 09:56:20 | 耗时 10 ms | SQL 语句：
select count(1) from t_login_log;
2025-07-30 09:56:20.447 febs [http-nio-9527-exec-5] INFO  p6spy - 2025-07-30 09:56:20 | 耗时 2 ms | SQL 语句：
select count(1) from t_login_log where datediff(login_time,now())=0;
2025-07-30 09:56:20.449 febs [http-nio-9527-exec-5] INFO  p6spy - 2025-07-30 09:56:20 | 耗时 0 ms | SQL 语句：
select count(distinct(ip)) from t_login_log where datediff(login_time,now())=0;
2025-07-30 09:56:20.451 febs [http-nio-9527-exec-5] INFO  p6spy - 2025-07-30 09:56:20 | 耗时 1 ms | SQL 语句：
select date_format(l.login_time, '%m-%d') days, count(1) count from ( select * from t_login_log where date_sub(curdate(), interval 7 day) <= date(login_time) ) as l where 1 = 1 group by days;
2025-07-30 09:56:20.452 febs [http-nio-9527-exec-5] INFO  p6spy - 2025-07-30 09:56:20 | 耗时 0 ms | SQL 语句：
select date_format(l.login_time, '%m-%d') days, count(1) count from ( select * from t_login_log where date_sub(curdate(), interval 7 day) <= date(login_time) ) as l where 1 = 1 and l.username = 'admin' group by days;
2025-07-30 09:56:25.241 febs [http-nio-9527-exec-10] INFO  c.m.f.common.authentication.JWTUtil - token is valid
2025-07-30 09:56:25.259 febs [http-nio-9527-exec-10] INFO  p6spy - 2025-07-30 09:56:25 | 耗时 9 ms | SQL 语句：
SELECT site_id,site_name,site_category,site_description,is_active,sort_order,created_time,updated_time FROM stimulation_site WHERE is_active = 1 ORDER BY sort_order ASC , site_id ASC;
2025-07-30 09:56:25.271 febs [http-nio-9527-exec-1] INFO  c.m.f.common.authentication.JWTUtil - token is valid
2025-07-30 09:56:25.274 febs [http-nio-9527-exec-1] INFO  p6spy - 2025-07-30 09:56:25 | 耗时 0 ms | SQL 语句：
SELECT site_id,site_name,site_category,site_description,is_active,sort_order,created_time,updated_time FROM stimulation_site WHERE is_active = 1 ORDER BY sort_order ASC , site_id ASC;
2025-07-30 09:56:25.303 febs [http-nio-9527-exec-4] INFO  c.m.f.common.authentication.JWTUtil - token is valid
2025-07-30 09:56:25.322 febs [http-nio-9527-exec-4] INFO  p6spy - 2025-07-30 09:56:25 | 耗时 0 ms | SQL 语句：
SELECT user_id,role_id FROM t_user_role WHERE user_id = 1;
2025-07-30 09:56:25.346 febs [http-nio-9527-exec-4] INFO  p6spy - 2025-07-30 09:56:25 | 耗时 3 ms | SQL 语句：
SELECT COUNT(1) FROM prescription;
2025-07-30 09:56:25.350 febs [http-nio-9527-exec-4] INFO  p6spy - 2025-07-30 09:56:25 | 耗时 0 ms | SQL 语句：
SELECT id,patient_id,hospital_id,doctor_id,device_id,pres_type,status,pres_strength,pres_freq,last_time,pause_time,repeat_count,total_count,total_time,pres_part_id,pres_part_name,standard_pres_id,standard_pres_name,tbs_type,inner_count,inter_freq,inter_count,periods,created_by,created_at,updated_by,updated_at FROM prescription ORDER BY created_at DESC LIMIT 0,10;
2025-07-30 09:56:26.030 febs [http-nio-9527-exec-7] INFO  c.m.f.common.authentication.JWTUtil - token is valid
2025-07-30 09:56:26.043 febs [http-nio-9527-exec-7] INFO  p6spy - 2025-07-30 09:56:26 | 耗时 8 ms | SQL 语句：
SELECT id,patient_id,hospital_id,device_id,prescription_id,executor_id,status,progress,exception,created_by,created_at,updated_by,updated_at FROM prescription_execution;
2025-07-30 09:56:33.456 febs [http-nio-9527-exec-6] INFO  p6spy - 2025-07-30 09:56:33 | 耗时 0 ms | SQL 语句：
SELECT user_id,role_id FROM t_user_role WHERE user_id = 1;
2025-07-30 09:56:33.471 febs [http-nio-9527-exec-6] INFO  p6spy - 2025-07-30 09:56:33 | 耗时 10 ms | SQL 语句：
SELECT COUNT(1) FROM patient WHERE name LIKE '%%';
2025-07-30 09:56:33.472 febs [http-nio-9527-exec-6] INFO  p6spy - 2025-07-30 09:56:33 | 耗时 0 ms | SQL 语句：
SELECT id,hospital_id,department_id,name,id_card,gender,birthday,his_id,code,created_by,created_at,updated_by,updated_at FROM patient WHERE name LIKE '%%' LIMIT 0,10;
2025-07-30 09:56:36.522 febs [http-nio-9527-exec-9] INFO  c.m.f.common.authentication.JWTUtil - token is valid
2025-07-30 09:56:36.531 febs [http-nio-9527-exec-9] INFO  p6spy - 2025-07-30 09:56:36 | 耗时 0 ms | SQL 语句：
SELECT user_id,role_id FROM t_user_role WHERE user_id = 1;
2025-07-30 09:56:36.542 febs [http-nio-9527-exec-9] INFO  p6spy - 2025-07-30 09:56:36 | 耗时 9 ms | SQL 语句：
SELECT COUNT(1) FROM device WHERE sn LIKE '%%';
2025-07-30 09:56:36.543 febs [http-nio-9527-exec-9] INFO  p6spy - 2025-07-30 09:56:36 | 耗时 0 ms | SQL 语句：
SELECT device_id,hospital_id,device_type,sn,status,last_heartbeat,created_by,created_at,updated_by,updated_at,extend_field1,extend_field2,extend_field3 FROM device WHERE sn LIKE '%%' LIMIT 0,10;
2025-07-30 09:56:39.422 febs [http-nio-9527-exec-1] INFO  c.m.f.common.authentication.JWTUtil - token is valid
2025-07-30 09:56:39.447 febs [http-nio-9527-exec-1] INFO  p6spy - 2025-07-30 09:56:39 | 耗时 4 ms | SQL 语句：
UPDATE prescription SET patient_id=1, hospital_id=1, doctor_id=1, device_id=1, pres_type=0, status=1, pres_strength=30, pres_freq=1, last_time=10, pause_time=2, repeat_count=100, total_count=1000, total_time=1200, pres_part_id=10, pres_part_name='患侧M1区', standard_pres_id=0, tbs_type=0, periods=1, created_by=1, updated_by=1, updated_at='2025-07-30T09:56:39.428+0800' WHERE id=3;
2025-07-30 09:56:39.456 febs [http-nio-9527-exec-4] INFO  c.m.f.common.authentication.JWTUtil - token is valid
2025-07-30 09:56:39.460 febs [http-nio-9527-exec-4] INFO  p6spy - 2025-07-30 09:56:39 | 耗时 0 ms | SQL 语句：
SELECT USER_ID,username,password,dept_id,email,mobile,status,create_time,modify_time,last_login_time,ssex,description,avatar FROM t_user WHERE USER_ID=1 ;
2025-07-30 09:56:39.469 febs [http-nio-9527-exec-4] INFO  p6spy - 2025-07-30 09:56:39 | 耗时 8 ms | SQL 语句：
SELECT hospital_id FROM t_department WHERE department_id = 1;
2025-07-30 09:56:39.477 febs [http-nio-9527-exec-4] INFO  p6spy - 2025-07-30 09:56:39 | 耗时 5 ms | SQL 语句：
INSERT INTO prescription_execution ( patient_id, hospital_id, device_id, prescription_id, executor_id, status, progress, created_by, created_at, updated_by, updated_at ) VALUES ( 1, 1, 1, 3, 1, 0, '处方已创建，等待下发', 1, '2025-07-30T09:56:39.459+0800', 1, '2025-07-30T09:56:39.459+0800' );
2025-07-30 09:56:39.479 febs [http-nio-9527-exec-4] INFO  p6spy - 2025-07-30 09:56:39 | 耗时 0 ms | SQL 语句：
SELECT id,patient_id,hospital_id,doctor_id,device_id,pres_type,status,pres_strength,pres_freq,last_time,pause_time,repeat_count,total_count,total_time,pres_part_id,pres_part_name,standard_pres_id,standard_pres_name,tbs_type,inner_count,inter_freq,inter_count,periods,created_by,created_at,updated_by,updated_at FROM prescription WHERE id=3 ;
2025-07-30 09:56:39.480 febs [http-nio-9527-exec-4] INFO  p6spy - 2025-07-30 09:56:39 | 耗时 0 ms | SQL 语句：
SELECT id,hospital_id,department_id,name,id_card,gender,birthday,his_id,code,created_by,created_at,updated_by,updated_at FROM patient WHERE id=1 ;
2025-07-30 09:56:39.481 febs [http-nio-9527-exec-4] INFO  p6spy - 2025-07-30 09:56:39 | 耗时 0 ms | SQL 语句：
SELECT device_id,hospital_id,device_type,sn,status,last_heartbeat,created_by,created_at,updated_by,updated_at,extend_field1,extend_field2,extend_field3 FROM device WHERE device_id=1 ;
2025-07-30 09:56:39.482 febs [http-nio-9527-exec-4] INFO  p6spy - 2025-07-30 09:56:39 | 耗时 0 ms | SQL 语句：
SELECT USER_ID,username,password,dept_id,email,mobile,status,create_time,modify_time,last_login_time,ssex,description,avatar FROM t_user WHERE USER_ID=1 ;
2025-07-30 09:56:39.486 febs [http-nio-9527-exec-4] INFO  p6spy - 2025-07-30 09:56:39 | 耗时 1 ms | SQL 语句：
SELECT hospital_id,name,address,contact,created_by,created_at,updated_by,updated_at FROM t_hospital WHERE null=1 ;
2025-07-30 09:57:03.565 febs [http-nio-9527-exec-7] INFO  c.m.f.common.authentication.JWTUtil - token is valid
2025-07-30 09:57:03.569 febs [http-nio-9527-exec-7] INFO  p6spy - 2025-07-30 09:57:03 | 耗时 0 ms | SQL 语句：
select count(1) from t_login_log;
2025-07-30 09:57:03.570 febs [http-nio-9527-exec-7] INFO  p6spy - 2025-07-30 09:57:03 | 耗时 0 ms | SQL 语句：
select count(1) from t_login_log where datediff(login_time,now())=0;
2025-07-30 09:57:03.571 febs [http-nio-9527-exec-7] INFO  p6spy - 2025-07-30 09:57:03 | 耗时 0 ms | SQL 语句：
select count(distinct(ip)) from t_login_log where datediff(login_time,now())=0;
2025-07-30 09:57:03.572 febs [http-nio-9527-exec-7] INFO  p6spy - 2025-07-30 09:57:03 | 耗时 0 ms | SQL 语句：
select date_format(l.login_time, '%m-%d') days, count(1) count from ( select * from t_login_log where date_sub(curdate(), interval 7 day) <= date(login_time) ) as l where 1 = 1 group by days;
2025-07-30 09:57:03.572 febs [http-nio-9527-exec-7] INFO  p6spy - 2025-07-30 09:57:03 | 耗时 0 ms | SQL 语句：
select date_format(l.login_time, '%m-%d') days, count(1) count from ( select * from t_login_log where date_sub(curdate(), interval 7 day) <= date(login_time) ) as l where 1 = 1 and l.username = 'admin' group by days;
2025-07-30 09:57:06.326 febs [http-nio-9527-exec-6] INFO  c.m.f.common.authentication.JWTUtil - token is valid
2025-07-30 09:57:06.330 febs [http-nio-9527-exec-6] INFO  p6spy - 2025-07-30 09:57:06 | 耗时 0 ms | SQL 语句：
SELECT site_id,site_name,site_category,site_description,is_active,sort_order,created_time,updated_time FROM stimulation_site WHERE is_active = 1 ORDER BY sort_order ASC , site_id ASC;
2025-07-30 09:57:06.339 febs [http-nio-9527-exec-5] INFO  c.m.f.common.authentication.JWTUtil - token is valid
2025-07-30 09:57:06.343 febs [http-nio-9527-exec-5] INFO  p6spy - 2025-07-30 09:57:06 | 耗时 1 ms | SQL 语句：
SELECT site_id,site_name,site_category,site_description,is_active,sort_order,created_time,updated_time FROM stimulation_site WHERE is_active = 1 ORDER BY sort_order ASC , site_id ASC;
2025-07-30 09:57:06.366 febs [http-nio-9527-exec-10] INFO  c.m.f.common.authentication.JWTUtil - token is valid
2025-07-30 09:57:06.369 febs [http-nio-9527-exec-10] INFO  p6spy - 2025-07-30 09:57:06 | 耗时 0 ms | SQL 语句：
SELECT user_id,role_id FROM t_user_role WHERE user_id = 1;
2025-07-30 09:57:06.371 febs [http-nio-9527-exec-10] INFO  p6spy - 2025-07-30 09:57:06 | 耗时 0 ms | SQL 语句：
SELECT COUNT(1) FROM prescription;
2025-07-30 09:57:06.372 febs [http-nio-9527-exec-10] INFO  p6spy - 2025-07-30 09:57:06 | 耗时 0 ms | SQL 语句：
SELECT id,patient_id,hospital_id,doctor_id,device_id,pres_type,status,pres_strength,pres_freq,last_time,pause_time,repeat_count,total_count,total_time,pres_part_id,pres_part_name,standard_pres_id,standard_pres_name,tbs_type,inner_count,inter_freq,inter_count,periods,created_by,created_at,updated_by,updated_at FROM prescription ORDER BY created_at DESC LIMIT 0,10;
2025-07-30 09:57:08.514 febs [http-nio-9527-exec-2] INFO  p6spy - 2025-07-30 09:57:08 | 耗时 0 ms | SQL 语句：
SELECT user_id,role_id FROM t_user_role WHERE user_id = 1;
2025-07-30 09:57:08.516 febs [http-nio-9527-exec-2] INFO  p6spy - 2025-07-30 09:57:08 | 耗时 0 ms | SQL 语句：
SELECT COUNT(1) FROM patient WHERE name LIKE '%%';
2025-07-30 09:57:08.517 febs [http-nio-9527-exec-2] INFO  p6spy - 2025-07-30 09:57:08 | 耗时 0 ms | SQL 语句：
SELECT id,hospital_id,department_id,name,id_card,gender,birthday,his_id,code,created_by,created_at,updated_by,updated_at FROM patient WHERE name LIKE '%%' LIMIT 0,10;
2025-07-30 09:57:12.318 febs [http-nio-9527-exec-3] INFO  c.m.f.common.authentication.JWTUtil - token is valid
2025-07-30 09:57:12.322 febs [http-nio-9527-exec-3] INFO  p6spy - 2025-07-30 09:57:12 | 耗时 0 ms | SQL 语句：
SELECT user_id,role_id FROM t_user_role WHERE user_id = 1;
2025-07-30 09:57:12.324 febs [http-nio-9527-exec-3] INFO  p6spy - 2025-07-30 09:57:12 | 耗时 0 ms | SQL 语句：
SELECT COUNT(1) FROM device WHERE sn LIKE '%%';
2025-07-30 09:57:12.324 febs [http-nio-9527-exec-3] INFO  p6spy - 2025-07-30 09:57:12 | 耗时 0 ms | SQL 语句：
SELECT device_id,hospital_id,device_type,sn,status,last_heartbeat,created_by,created_at,updated_by,updated_at,extend_field1,extend_field2,extend_field3 FROM device WHERE sn LIKE '%%' LIMIT 0,10;
2025-07-30 09:57:15.342 febs [http-nio-9527-exec-8] INFO  c.m.f.common.authentication.JWTUtil - token is valid
2025-07-30 09:57:15.359 febs [http-nio-9527-exec-8] INFO  p6spy - 2025-07-30 09:57:15 | 耗时 12 ms | SQL 语句：
UPDATE prescription SET patient_id=1, hospital_id=1, doctor_id=1, device_id=1, pres_type=0, status=1, pres_strength=30, pres_freq=1, last_time=10, pause_time=2, repeat_count=100, total_count=1000, total_time=1200, pres_part_id=10, pres_part_name='患侧M1区', standard_pres_id=0, tbs_type=0, periods=1, created_by=1, updated_by=1, updated_at='2025-07-30T09:57:15.343+0800' WHERE id=3;
2025-07-30 09:57:15.364 febs [http-nio-9527-exec-5] INFO  c.m.f.common.authentication.JWTUtil - token is valid
2025-07-30 09:57:15.367 febs [http-nio-9527-exec-5] INFO  p6spy - 2025-07-30 09:57:15 | 耗时 0 ms | SQL 语句：
SELECT USER_ID,username,password,dept_id,email,mobile,status,create_time,modify_time,last_login_time,ssex,description,avatar FROM t_user WHERE USER_ID=1 ;
2025-07-30 09:57:15.370 febs [http-nio-9527-exec-5] INFO  p6spy - 2025-07-30 09:57:15 | 耗时 0 ms | SQL 语句：
SELECT hospital_id FROM t_department WHERE department_id = 1;
2025-07-30 09:57:15.376 febs [http-nio-9527-exec-5] INFO  p6spy - 2025-07-30 09:57:15 | 耗时 5 ms | SQL 语句：
INSERT INTO prescription_execution ( patient_id, hospital_id, device_id, prescription_id, executor_id, status, progress, created_by, created_at, updated_by, updated_at ) VALUES ( 1, 1, 1, 3, 1, 0, '处方已创建，等待下发', 1, '2025-07-30T09:57:15.366+0800', 1, '2025-07-30T09:57:15.366+0800' );
2025-07-30 09:57:15.377 febs [http-nio-9527-exec-5] INFO  p6spy - 2025-07-30 09:57:15 | 耗时 0 ms | SQL 语句：
SELECT id,patient_id,hospital_id,doctor_id,device_id,pres_type,status,pres_strength,pres_freq,last_time,pause_time,repeat_count,total_count,total_time,pres_part_id,pres_part_name,standard_pres_id,standard_pres_name,tbs_type,inner_count,inter_freq,inter_count,periods,created_by,created_at,updated_by,updated_at FROM prescription WHERE id=3 ;
2025-07-30 09:57:15.378 febs [http-nio-9527-exec-5] INFO  p6spy - 2025-07-30 09:57:15 | 耗时 0 ms | SQL 语句：
SELECT id,hospital_id,department_id,name,id_card,gender,birthday,his_id,code,created_by,created_at,updated_by,updated_at FROM patient WHERE id=1 ;
2025-07-30 09:57:15.379 febs [http-nio-9527-exec-5] INFO  p6spy - 2025-07-30 09:57:15 | 耗时 0 ms | SQL 语句：
SELECT device_id,hospital_id,device_type,sn,status,last_heartbeat,created_by,created_at,updated_by,updated_at,extend_field1,extend_field2,extend_field3 FROM device WHERE device_id=1 ;
2025-07-30 09:57:15.380 febs [http-nio-9527-exec-5] INFO  p6spy - 2025-07-30 09:57:15 | 耗时 0 ms | SQL 语句：
SELECT USER_ID,username,password,dept_id,email,mobile,status,create_time,modify_time,last_login_time,ssex,description,avatar FROM t_user WHERE USER_ID=1 ;
2025-07-30 09:57:15.380 febs [http-nio-9527-exec-5] INFO  p6spy - 2025-07-30 09:57:15 | 耗时 0 ms | SQL 语句：
SELECT hospital_id,name,address,contact,created_by,created_at,updated_by,updated_at FROM t_hospital WHERE null=1 ;
2025-07-30 09:57:15.442 febs [http-nio-9527-exec-10] INFO  c.m.f.common.authentication.JWTUtil - token is valid
2025-07-30 09:57:15.444 febs [http-nio-9527-exec-10] INFO  p6spy - 2025-07-30 09:57:15 | 耗时 0 ms | SQL 语句：
SELECT id,patient_id,hospital_id,device_id,prescription_id,executor_id,status,progress,exception,created_by,created_at,updated_by,updated_at FROM prescription_execution;
2025-07-30 09:57:16.517 febs [http-nio-9527-exec-1] INFO  c.m.f.common.authentication.JWTUtil - token is valid
2025-07-30 09:57:16.522 febs [http-nio-9527-exec-1] INFO  p6spy - 2025-07-30 09:57:16 | 耗时 0 ms | SQL 语句：
SELECT id,patient_id,hospital_id,device_id,prescription_id,executor_id,status,progress,exception,created_by,created_at,updated_by,updated_at FROM prescription_execution;
2025-07-30 10:00:16.233 febs [scheduling-1] INFO  p6spy - 2025-07-30 10:00:16 | 耗时 0 ms | SQL 语句：
SELECT id,code,name,type_id,online_flag,create_date,open_flag,device_value,alert_value,value_type,remark,user_id,last_open_date,address FROM device_info;
2025-07-30 10:00:16.235 febs [scheduling-1] INFO  p6spy - 2025-07-30 10:00:16 | 耗时 0 ms | SQL 语句：
SELECT id,device_id,device_type_id,type,score,create_date,remark FROM device_alert_info WHERE type = '2';
2025-07-30 10:01:06.234 febs [scheduling-1] INFO  p6spy - 2025-07-30 10:01:06 | 耗时 0 ms | SQL 语句：
SELECT id,code,name,type_id,online_flag,create_date,open_flag,device_value,alert_value,value_type,remark,user_id,last_open_date,address FROM device_info WHERE open_flag = '1';
2025-07-30 10:01:06.235 febs [scheduling-1] INFO  p6spy - 2025-07-30 10:01:06 | 耗时 0 ms | SQL 语句：
SELECT id,device_id,device_type_id,type,score,create_date,remark FROM device_alert_info WHERE type = '1';
2025-07-30 10:09:03.287 febs [Thread-10] INFO  org.quartz.core.QuartzScheduler - Scheduler quartzScheduler_$_NON_CLUSTERED paused.
2025-07-30 10:09:05.483 febs [Thread-10] INFO  o.s.i.m.i.MqttPahoMessageDrivenChannelAdapter - stopped toiletMqttInbound
2025-07-30 10:09:05.483 febs [Thread-10] INFO  o.s.i.endpoint.EventDrivenConsumer - Removing {logging-channel-adapter:_org.springframework.integration.errorLogger} as a subscriber to the 'errorChannel' channel
2025-07-30 10:09:05.484 febs [Thread-10] INFO  o.s.i.c.PublishSubscribeChannel - Channel 'application.errorChannel' has 0 subscriber(s).
2025-07-30 10:09:05.484 febs [Thread-10] INFO  o.s.i.endpoint.EventDrivenConsumer - stopped _org.springframework.integration.errorLogger
2025-07-30 10:09:05.484 febs [Thread-10] INFO  o.s.i.endpoint.EventDrivenConsumer - Removing {message-handler:deviceMqttConfig.mqttOutbound.serviceActivator} as a subscriber to the 'toiletMqttOutboundChannel' channel
2025-07-30 10:09:05.484 febs [Thread-10] INFO  o.s.i.channel.DirectChannel - Channel 'application.toiletMqttOutboundChannel' has 0 subscriber(s).
2025-07-30 10:09:05.484 febs [Thread-10] INFO  o.s.i.endpoint.EventDrivenConsumer - stopped deviceMqttConfig.mqttOutbound.serviceActivator
2025-07-30 10:09:05.484 febs [Thread-10] INFO  o.s.i.endpoint.EventDrivenConsumer - Removing {message-handler:deviceMqttConfig.InboundMessageHandler.serviceActivator} as a subscriber to the 'toiletMqttInboundChannel' channel
2025-07-30 10:09:05.484 febs [Thread-10] INFO  o.s.i.channel.DirectChannel - Channel 'application.toiletMqttInboundChannel' has 0 subscriber(s).
2025-07-30 10:09:05.484 febs [Thread-10] INFO  o.s.i.endpoint.EventDrivenConsumer - stopped deviceMqttConfig.InboundMessageHandler.serviceActivator
2025-07-30 10:09:05.485 febs [Thread-10] INFO  o.s.s.c.ThreadPoolTaskScheduler - Shutting down ExecutorService 'taskScheduler'
2025-07-30 10:09:05.485 febs [Thread-10] INFO  o.s.s.quartz.SchedulerFactoryBean - Shutting down Quartz Scheduler
2025-07-30 10:09:05.485 febs [Thread-10] INFO  org.quartz.core.QuartzScheduler - Scheduler quartzScheduler_$_NON_CLUSTERED shutting down.
2025-07-30 10:09:05.485 febs [Thread-10] INFO  org.quartz.core.QuartzScheduler - Scheduler quartzScheduler_$_NON_CLUSTERED paused.
2025-07-30 10:09:05.485 febs [Thread-10] INFO  org.quartz.core.QuartzScheduler - Scheduler quartzScheduler_$_NON_CLUSTERED shutdown complete.
2025-07-30 10:09:05.496 febs [Thread-10] INFO  o.s.s.c.ThreadPoolTaskExecutor - Shutting down ExecutorService 'taskExecutor'
2025-07-30 10:09:05.501 febs [Thread-10] INFO  c.b.d.d.DynamicRoutingDataSource - closing dynamicDatasource  ing....
2025-07-30 10:09:05.501 febs [Thread-10] INFO  com.zaxxer.hikari.HikariDataSource - primary - Shutdown initiated...
2025-07-30 10:09:05.505 febs [Thread-10] INFO  com.zaxxer.hikari.HikariDataSource - primary - Shutdown completed.
