2025-11-13 10:50:13.343 INFO  [main] cc.mrbird.febs.FebsApplication - Starting FebsApplication on DESKTOP-J4S0HA1 with PID 11924 (F:\TMSmanager\backend\target\classes started by 江西杰联医疗设备有限公司 in F:\TMSmanager\backend)
2025-11-13 10:50:13.345 INFO  [main] cc.mrbird.febs.FebsApplication - No active profile set, falling back to default profiles: default
2025-11-13 10:50:13.985 WARN  [main] o.m.s.mapper.ClassPathMapperScanner - Skipping MapperFactoryBean with name 'departmentMapper' and 'cc.mrbird.febs.system.dao.DepartmentMapper' mapperInterface. Bean already defined with the same name!
2025-11-13 10:50:13.985 WARN  [main] o.m.s.mapper.ClassPathMapperScanner - Skipping MapperFactoryBean with name 'deptMapper' and 'cc.mrbird.febs.system.dao.DeptMapper' mapperInterface. Bean already defined with the same name!
2025-11-13 10:50:14.008 WARN  [main] o.m.s.mapper.ClassPathMapperScanner - Skipping MapperFactoryBean with name 'deviceMapper' and 'cc.mrbird.febs.system.dao.DeviceMapper' mapperInterface. Bean already defined with the same name!
2025-11-13 10:50:14.009 WARN  [main] o.m.s.mapper.ClassPathMapperScanner - Skipping MapperFactoryBean with name 'dictMapper' and 'cc.mrbird.febs.system.dao.DictMapper' mapperInterface. Bean already defined with the same name!
2025-11-13 10:50:14.009 WARN  [main] o.m.s.mapper.ClassPathMapperScanner - Skipping MapperFactoryBean with name 'hospitalMapper' and 'cc.mrbird.febs.system.dao.HospitalMapper' mapperInterface. Bean already defined with the same name!
2025-11-13 10:50:14.009 WARN  [main] o.m.s.mapper.ClassPathMapperScanner - Skipping MapperFactoryBean with name 'logMapper' and 'cc.mrbird.febs.system.dao.LogMapper' mapperInterface. Bean already defined with the same name!
2025-11-13 10:50:14.009 WARN  [main] o.m.s.mapper.ClassPathMapperScanner - Skipping MapperFactoryBean with name 'loginLogMapper' and 'cc.mrbird.febs.system.dao.LoginLogMapper' mapperInterface. Bean already defined with the same name!
2025-11-13 10:50:14.009 WARN  [main] o.m.s.mapper.ClassPathMapperScanner - Skipping MapperFactoryBean with name 'menuMapper' and 'cc.mrbird.febs.system.dao.MenuMapper' mapperInterface. Bean already defined with the same name!
2025-11-13 10:50:14.009 WARN  [main] o.m.s.mapper.ClassPathMapperScanner - Skipping MapperFactoryBean with name 'mepDataMapper' and 'cc.mrbird.febs.system.dao.MepDataMapper' mapperInterface. Bean already defined with the same name!
2025-11-13 10:50:14.009 WARN  [main] o.m.s.mapper.ClassPathMapperScanner - Skipping MapperFactoryBean with name 'mepRecordMapper' and 'cc.mrbird.febs.system.dao.MepRecordMapper' mapperInterface. Bean already defined with the same name!
2025-11-13 10:50:14.009 WARN  [main] o.m.s.mapper.ClassPathMapperScanner - Skipping MapperFactoryBean with name 'patientMapper' and 'cc.mrbird.febs.system.dao.PatientMapper' mapperInterface. Bean already defined with the same name!
2025-11-13 10:50:14.009 WARN  [main] o.m.s.mapper.ClassPathMapperScanner - Skipping MapperFactoryBean with name 'prescriptionExecutionMapper' and 'cc.mrbird.febs.system.dao.PrescriptionExecutionMapper' mapperInterface. Bean already defined with the same name!
2025-11-13 10:50:14.009 WARN  [main] o.m.s.mapper.ClassPathMapperScanner - Skipping MapperFactoryBean with name 'prescriptionMapper' and 'cc.mrbird.febs.system.dao.PrescriptionMapper' mapperInterface. Bean already defined with the same name!
2025-11-13 10:50:14.009 WARN  [main] o.m.s.mapper.ClassPathMapperScanner - Skipping MapperFactoryBean with name 'prescriptionRecordMapper' and 'cc.mrbird.febs.system.dao.PrescriptionRecordMapper' mapperInterface. Bean already defined with the same name!
2025-11-13 10:50:14.009 WARN  [main] o.m.s.mapper.ClassPathMapperScanner - Skipping MapperFactoryBean with name 'roleMapper' and 'cc.mrbird.febs.system.dao.RoleMapper' mapperInterface. Bean already defined with the same name!
2025-11-13 10:50:14.009 WARN  [main] o.m.s.mapper.ClassPathMapperScanner - Skipping MapperFactoryBean with name 'roleMenuMapper' and 'cc.mrbird.febs.system.dao.RoleMenuMapper' mapperInterface. Bean already defined with the same name!
2025-11-13 10:50:14.009 WARN  [main] o.m.s.mapper.ClassPathMapperScanner - Skipping MapperFactoryBean with name 'standardPrescriptionMapper' and 'cc.mrbird.febs.system.dao.StandardPrescriptionMapper' mapperInterface. Bean already defined with the same name!
2025-11-13 10:50:14.009 WARN  [main] o.m.s.mapper.ClassPathMapperScanner - Skipping MapperFactoryBean with name 'stimulationSiteMapper' and 'cc.mrbird.febs.system.dao.StimulationSiteMapper' mapperInterface. Bean already defined with the same name!
2025-11-13 10:50:14.010 WARN  [main] o.m.s.mapper.ClassPathMapperScanner - Skipping MapperFactoryBean with name 'tbsPrescriptionMapper' and 'cc.mrbird.febs.system.dao.TbsPrescriptionMapper' mapperInterface. Bean already defined with the same name!
2025-11-13 10:50:14.010 WARN  [main] o.m.s.mapper.ClassPathMapperScanner - Skipping MapperFactoryBean with name 'testMapper' and 'cc.mrbird.febs.system.dao.TestMapper' mapperInterface. Bean already defined with the same name!
2025-11-13 10:50:14.010 WARN  [main] o.m.s.mapper.ClassPathMapperScanner - Skipping MapperFactoryBean with name 'treatmentRecordMapper' and 'cc.mrbird.febs.system.dao.TreatmentRecordMapper' mapperInterface. Bean already defined with the same name!
2025-11-13 10:50:14.010 WARN  [main] o.m.s.mapper.ClassPathMapperScanner - Skipping MapperFactoryBean with name 'userConfigMapper' and 'cc.mrbird.febs.system.dao.UserConfigMapper' mapperInterface. Bean already defined with the same name!
2025-11-13 10:50:14.010 WARN  [main] o.m.s.mapper.ClassPathMapperScanner - Skipping MapperFactoryBean with name 'userMapper' and 'cc.mrbird.febs.system.dao.UserMapper' mapperInterface. Bean already defined with the same name!
2025-11-13 10:50:14.010 WARN  [main] o.m.s.mapper.ClassPathMapperScanner - Skipping MapperFactoryBean with name 'userRoleMapper' and 'cc.mrbird.febs.system.dao.UserRoleMapper' mapperInterface. Bean already defined with the same name!
2025-11-13 10:50:14.010 WARN  [main] o.m.s.mapper.ClassPathMapperScanner - No MyBatis mapper was found in '[cc.mrbird.febs.system.dao]' package. Please check your configuration.
2025-11-13 10:50:14.231 INFO  [main] o.s.d.r.c.RepositoryConfigurationDelegate - Multiple Spring Data modules found, entering strict repository configuration mode!
2025-11-13 10:50:14.233 INFO  [main] o.s.d.r.c.RepositoryConfigurationDelegate - Bootstrapping Spring Data repositories in DEFAULT mode.
2025-11-13 10:50:14.275 INFO  [main] o.s.d.r.c.RepositoryConfigurationDelegate - Finished Spring Data repository scanning in 29ms. Found 0 repository interfaces.
2025-11-13 10:50:14.477 INFO  [main] o.s.i.c.DefaultConfiguringBeanFactoryPostProcessor - No bean named 'errorChannel' has been explicitly defined. Therefore, a default PublishSubscribeChannel will be created.
2025-11-13 10:50:14.485 INFO  [main] o.s.i.c.DefaultConfiguringBeanFactoryPostProcessor - No bean named 'integrationHeaderChannelRegistry' has been explicitly defined. Therefore, a default DefaultHeaderChannelRegistry will be created.
2025-11-13 10:50:14.528 INFO  [main] o.s.c.s.PostProcessorRegistrationDelegate$BeanPostProcessorChecker - Bean 'asyncExecutorPoolConfig' of type [cc.mrbird.febs.common.config.AsyncExecutorPoolConfig$$EnhancerBySpringCGLIB$$97ea2fc7] is not eligible for getting processed by all BeanPostProcessors (for example: not eligible for auto-proxying)
2025-11-13 10:50:14.620 INFO  [main] o.s.c.s.PostProcessorRegistrationDelegate$BeanPostProcessorChecker - Bean 'spring.datasource.dynamic-com.baomidou.dynamic.datasource.spring.boot.autoconfigure.DynamicDataSourceProperties' of type [com.baomidou.dynamic.datasource.spring.boot.autoconfigure.DynamicDataSourceProperties] is not eligible for getting processed by all BeanPostProcessors (for example: not eligible for auto-proxying)
2025-11-13 10:50:14.696 INFO  [main] o.s.c.s.PostProcessorRegistrationDelegate$BeanPostProcessorChecker - Bean 'com.baomidou.dynamic.datasource.spring.boot.autoconfigure.DynamicDataSourceAutoConfiguration' of type [com.baomidou.dynamic.datasource.spring.boot.autoconfigure.DynamicDataSourceAutoConfiguration$$EnhancerBySpringCGLIB$$72397b6b] is not eligible for getting processed by all BeanPostProcessors (for example: not eligible for auto-proxying)
2025-11-13 10:50:14.702 INFO  [main] o.s.c.s.PostProcessorRegistrationDelegate$BeanPostProcessorChecker - Bean 'dsProcessor' of type [com.baomidou.dynamic.datasource.processor.DsHeaderProcessor] is not eligible for getting processed by all BeanPostProcessors (for example: not eligible for auto-proxying)
2025-11-13 10:50:14.705 INFO  [main] o.s.c.s.PostProcessorRegistrationDelegate$BeanPostProcessorChecker - Bean 'dynamicDatasourceAnnotationAdvisor' of type [com.baomidou.dynamic.datasource.aop.DynamicDataSourceAnnotationAdvisor] is not eligible for getting processed by all BeanPostProcessors (for example: not eligible for auto-proxying)
2025-11-13 10:50:14.712 INFO  [main] o.s.c.s.PostProcessorRegistrationDelegate$BeanPostProcessorChecker - Bean 'org.springframework.transaction.annotation.ProxyTransactionManagementConfiguration' of type [org.springframework.transaction.annotation.ProxyTransactionManagementConfiguration$$EnhancerBySpringCGLIB$$8ab0a9a] is not eligible for getting processed by all BeanPostProcessors (for example: not eligible for auto-proxying)
2025-11-13 10:50:14.722 INFO  [main] o.s.c.s.PostProcessorRegistrationDelegate$BeanPostProcessorChecker - Bean 'shiroConfig' of type [cc.mrbird.febs.common.authentication.ShiroConfig$$EnhancerBySpringCGLIB$$742b0c43] is not eligible for getting processed by all BeanPostProcessors (for example: not eligible for auto-proxying)
2025-11-13 10:50:14.857 INFO  [main] o.s.c.s.PostProcessorRegistrationDelegate$BeanPostProcessorChecker - Bean 'redisConfig' of type [cc.mrbird.febs.common.config.RedisConfig$$EnhancerBySpringCGLIB$$6cefc397] is not eligible for getting processed by all BeanPostProcessors (for example: not eligible for auto-proxying)
2025-11-13 10:50:14.871 INFO  [main] o.s.c.s.PostProcessorRegistrationDelegate$BeanPostProcessorChecker - Bean 'redisPoolFactory' of type [redis.clients.jedis.JedisPool] is not eligible for getting processed by all BeanPostProcessors (for example: not eligible for auto-proxying)
2025-11-13 10:50:14.872 INFO  [main] o.s.c.s.PostProcessorRegistrationDelegate$BeanPostProcessorChecker - Bean 'redisService' of type [cc.mrbird.febs.common.service.impl.RedisServiceImpl] is not eligible for getting processed by all BeanPostProcessors (for example: not eligible for auto-proxying)
2025-11-13 10:50:14.943 INFO  [main] o.s.c.s.PostProcessorRegistrationDelegate$BeanPostProcessorChecker - Bean 'mybatis-plus-com.baomidou.mybatisplus.autoconfigure.MybatisPlusProperties' of type [com.baomidou.mybatisplus.autoconfigure.MybatisPlusProperties] is not eligible for getting processed by all BeanPostProcessors (for example: not eligible for auto-proxying)
2025-11-13 10:50:14.949 INFO  [main] o.s.c.s.PostProcessorRegistrationDelegate$BeanPostProcessorChecker - Bean 'mybatisPlusConfig' of type [cc.mrbird.febs.common.config.MybatisPlusConfig$$EnhancerBySpringCGLIB$$5a3266a9] is not eligible for getting processed by all BeanPostProcessors (for example: not eligible for auto-proxying)
2025-11-13 10:50:14.952 INFO  [main] o.s.c.s.PostProcessorRegistrationDelegate$BeanPostProcessorChecker - Bean 'paginationInterceptor' of type [com.baomidou.mybatisplus.extension.plugins.PaginationInterceptor] is not eligible for getting processed by all BeanPostProcessors (for example: not eligible for auto-proxying)
2025-11-13 10:50:14.957 INFO  [main] o.s.c.s.PostProcessorRegistrationDelegate$BeanPostProcessorChecker - Bean 'com.baomidou.mybatisplus.autoconfigure.MybatisPlusAutoConfiguration' of type [com.baomidou.mybatisplus.autoconfigure.MybatisPlusAutoConfiguration$$EnhancerBySpringCGLIB$$46737734] is not eligible for getting processed by all BeanPostProcessors (for example: not eligible for auto-proxying)
2025-11-13 10:50:14.963 INFO  [main] o.s.c.s.PostProcessorRegistrationDelegate$BeanPostProcessorChecker - Bean 'dynamicDataSourceCreator' of type [com.baomidou.dynamic.datasource.DynamicDataSourceCreator] is not eligible for getting processed by all BeanPostProcessors (for example: not eligible for auto-proxying)
2025-11-13 10:50:14.965 INFO  [main] o.s.c.s.PostProcessorRegistrationDelegate$BeanPostProcessorChecker - Bean 'dynamicDataSourceProvider' of type [com.baomidou.dynamic.datasource.provider.YmlDynamicDataSourceProvider] is not eligible for getting processed by all BeanPostProcessors (for example: not eligible for auto-proxying)
2025-11-13 10:50:14.967 INFO  [main] c.b.d.d.DynamicRoutingDataSource - 动态数据源-检测到并开启了p6spy
2025-11-13 10:50:14.976 INFO  [main] com.zaxxer.hikari.HikariDataSource - primary - Starting...
2025-11-13 10:50:15.111 INFO  [main] com.zaxxer.hikari.HikariDataSource - primary - Start completed.
2025-11-13 10:50:15.126 INFO  [main] c.b.d.d.DynamicRoutingDataSource - 初始共加载 1 个数据源
2025-11-13 10:50:15.126 INFO  [main] c.b.d.d.DynamicRoutingDataSource - 动态数据源-加载 primary 成功
2025-11-13 10:50:15.126 INFO  [main] c.b.d.d.DynamicRoutingDataSource - 当前的默认数据源是单数据源，数据源名为 primary
2025-11-13 10:50:15.126 INFO  [main] o.s.c.s.PostProcessorRegistrationDelegate$BeanPostProcessorChecker - Bean 'dataSource' of type [com.baomidou.dynamic.datasource.DynamicRoutingDataSource] is not eligible for getting processed by all BeanPostProcessors (for example: not eligible for auto-proxying)
2025-11-13 10:50:15.134 INFO  [main] o.s.c.s.PostProcessorRegistrationDelegate$BeanPostProcessorChecker - Bean 'spring.datasource-org.springframework.boot.autoconfigure.jdbc.DataSourceProperties' of type [org.springframework.boot.autoconfigure.jdbc.DataSourceProperties] is not eligible for getting processed by all BeanPostProcessors (for example: not eligible for auto-proxying)
2025-11-13 10:50:15.139 INFO  [main] o.s.c.s.PostProcessorRegistrationDelegate$BeanPostProcessorChecker - Bean 'org.springframework.boot.autoconfigure.jdbc.DataSourceInitializerInvoker' of type [org.springframework.boot.autoconfigure.jdbc.DataSourceInitializerInvoker] is not eligible for getting processed by all BeanPostProcessors (for example: not eligible for auto-proxying)
2025-11-13 10:50:15.503 WARN  [main] c.b.m.core.toolkit.TableInfoHelper - Warn: Could not find @TableId in Class: cc.mrbird.febs.system.domain.LoginLog.
2025-11-13 10:50:15.710 WARN  [main] c.b.m.core.toolkit.TableInfoHelper - Warn: Could not find @TableId in Class: cc.mrbird.febs.system.domain.UserRole.
2025-11-13 10:50:15.720 INFO  [main] o.s.c.s.PostProcessorRegistrationDelegate$BeanPostProcessorChecker - Bean 'sqlSessionFactory' of type [org.apache.ibatis.session.defaults.DefaultSqlSessionFactory] is not eligible for getting processed by all BeanPostProcessors (for example: not eligible for auto-proxying)
2025-11-13 10:50:15.725 INFO  [main] o.s.c.s.PostProcessorRegistrationDelegate$BeanPostProcessorChecker - Bean 'sqlSessionTemplate' of type [org.mybatis.spring.SqlSessionTemplate] is not eligible for getting processed by all BeanPostProcessors (for example: not eligible for auto-proxying)
2025-11-13 10:50:15.727 INFO  [main] o.s.c.s.PostProcessorRegistrationDelegate$BeanPostProcessorChecker - Bean 'roleMapper' of type [org.mybatis.spring.mapper.MapperFactoryBean] is not eligible for getting processed by all BeanPostProcessors (for example: not eligible for auto-proxying)
2025-11-13 10:50:15.728 INFO  [main] o.s.c.s.PostProcessorRegistrationDelegate$BeanPostProcessorChecker - Bean 'roleMapper' of type [com.sun.proxy.$Proxy115] is not eligible for getting processed by all BeanPostProcessors (for example: not eligible for auto-proxying)
2025-11-13 10:50:15.733 WARN  [main] c.b.m.core.toolkit.TableInfoHelper - Warn: Could not find @TableId in Class: cc.mrbird.febs.system.domain.RoleMenu.
2025-11-13 10:50:15.741 INFO  [main] o.s.c.s.PostProcessorRegistrationDelegate$BeanPostProcessorChecker - Bean 'roleMenuMapper' of type [org.mybatis.spring.mapper.MapperFactoryBean] is not eligible for getting processed by all BeanPostProcessors (for example: not eligible for auto-proxying)
2025-11-13 10:50:15.742 INFO  [main] o.s.c.s.PostProcessorRegistrationDelegate$BeanPostProcessorChecker - Bean 'roleMenuMapper' of type [com.sun.proxy.$Proxy117] is not eligible for getting processed by all BeanPostProcessors (for example: not eligible for auto-proxying)
2025-11-13 10:50:15.747 INFO  [main] o.s.c.s.PostProcessorRegistrationDelegate$BeanPostProcessorChecker - Bean 'userRoleMapper' of type [org.mybatis.spring.mapper.MapperFactoryBean] is not eligible for getting processed by all BeanPostProcessors (for example: not eligible for auto-proxying)
2025-11-13 10:50:15.748 INFO  [main] o.s.c.s.PostProcessorRegistrationDelegate$BeanPostProcessorChecker - Bean 'userRoleMapper' of type [com.sun.proxy.$Proxy118] is not eligible for getting processed by all BeanPostProcessors (for example: not eligible for auto-proxying)
2025-11-13 10:50:15.749 INFO  [main] o.s.c.s.PostProcessorRegistrationDelegate$BeanPostProcessorChecker - Bean 'userRoleService' of type [cc.mrbird.febs.system.service.impl.UserRoleServiceImpl] is not eligible for getting processed by all BeanPostProcessors (for example: not eligible for auto-proxying)
2025-11-13 10:50:15.774 INFO  [main] o.s.c.s.PostProcessorRegistrationDelegate$BeanPostProcessorChecker - Bean 'roleMenuService' of type [cc.mrbird.febs.system.service.impl.RoleMenuServiceImpl] is not eligible for getting processed by all BeanPostProcessors (for example: not eligible for auto-proxying)
2025-11-13 10:50:15.787 INFO  [main] o.s.c.s.PostProcessorRegistrationDelegate$BeanPostProcessorChecker - Bean 'roleService' of type [cc.mrbird.febs.system.service.impl.RoleServiceImpl] is not eligible for getting processed by all BeanPostProcessors (for example: not eligible for auto-proxying)
2025-11-13 10:50:15.803 INFO  [main] o.s.c.s.PostProcessorRegistrationDelegate$BeanPostProcessorChecker - Bean 'menuMapper' of type [org.mybatis.spring.mapper.MapperFactoryBean] is not eligible for getting processed by all BeanPostProcessors (for example: not eligible for auto-proxying)
2025-11-13 10:50:15.804 INFO  [main] o.s.c.s.PostProcessorRegistrationDelegate$BeanPostProcessorChecker - Bean 'menuMapper' of type [com.sun.proxy.$Proxy122] is not eligible for getting processed by all BeanPostProcessors (for example: not eligible for auto-proxying)
2025-11-13 10:50:15.806 INFO  [main] o.s.c.s.PostProcessorRegistrationDelegate$BeanPostProcessorChecker - Bean 'menuService' of type [cc.mrbird.febs.system.service.impl.MenuServiceImpl] is not eligible for getting processed by all BeanPostProcessors (for example: not eligible for auto-proxying)
2025-11-13 10:50:15.821 INFO  [main] o.s.c.s.PostProcessorRegistrationDelegate$BeanPostProcessorChecker - Bean 'userMapper' of type [org.mybatis.spring.mapper.MapperFactoryBean] is not eligible for getting processed by all BeanPostProcessors (for example: not eligible for auto-proxying)
2025-11-13 10:50:15.822 INFO  [main] o.s.c.s.PostProcessorRegistrationDelegate$BeanPostProcessorChecker - Bean 'userMapper' of type [com.sun.proxy.$Proxy124] is not eligible for getting processed by all BeanPostProcessors (for example: not eligible for auto-proxying)
2025-11-13 10:50:15.836 INFO  [main] o.s.c.s.PostProcessorRegistrationDelegate$BeanPostProcessorChecker - Bean 'userConfigMapper' of type [org.mybatis.spring.mapper.MapperFactoryBean] is not eligible for getting processed by all BeanPostProcessors (for example: not eligible for auto-proxying)
2025-11-13 10:50:15.837 INFO  [main] o.s.c.s.PostProcessorRegistrationDelegate$BeanPostProcessorChecker - Bean 'userConfigMapper' of type [com.sun.proxy.$Proxy125] is not eligible for getting processed by all BeanPostProcessors (for example: not eligible for auto-proxying)
2025-11-13 10:50:15.839 INFO  [main] o.s.c.s.PostProcessorRegistrationDelegate$BeanPostProcessorChecker - Bean 'userConfigService' of type [cc.mrbird.febs.system.service.impl.UserConfigServiceImpl] is not eligible for getting processed by all BeanPostProcessors (for example: not eligible for auto-proxying)
2025-11-13 10:50:15.855 INFO  [main] o.s.c.s.PostProcessorRegistrationDelegate$BeanPostProcessorChecker - Bean 'userInfoMapper' of type [org.mybatis.spring.mapper.MapperFactoryBean] is not eligible for getting processed by all BeanPostProcessors (for example: not eligible for auto-proxying)
2025-11-13 10:50:15.856 INFO  [main] o.s.c.s.PostProcessorRegistrationDelegate$BeanPostProcessorChecker - Bean 'userInfoMapper' of type [com.sun.proxy.$Proxy127] is not eligible for getting processed by all BeanPostProcessors (for example: not eligible for auto-proxying)
2025-11-13 10:50:15.857 INFO  [main] o.s.c.s.PostProcessorRegistrationDelegate$BeanPostProcessorChecker - Bean 'userInfoServiceImpl' of type [cc.mrbird.febs.cos.service.impl.UserInfoServiceImpl] is not eligible for getting processed by all BeanPostProcessors (for example: not eligible for auto-proxying)
2025-11-13 10:50:15.866 INFO  [main] o.s.c.s.PostProcessorRegistrationDelegate$BeanPostProcessorChecker - Bean 'userService' of type [cc.mrbird.febs.system.service.impl.UserServiceImpl] is not eligible for getting processed by all BeanPostProcessors (for example: not eligible for auto-proxying)
2025-11-13 10:50:15.880 INFO  [main] o.s.c.s.PostProcessorRegistrationDelegate$BeanPostProcessorChecker - Bean 'org.springframework.boot.autoconfigure.jackson.JacksonAutoConfiguration$JacksonObjectMapperConfiguration' of type [org.springframework.boot.autoconfigure.jackson.JacksonAutoConfiguration$JacksonObjectMapperConfiguration$$EnhancerBySpringCGLIB$$643e8a2b] is not eligible for getting processed by all BeanPostProcessors (for example: not eligible for auto-proxying)
2025-11-13 10:50:15.882 INFO  [main] o.s.c.s.PostProcessorRegistrationDelegate$BeanPostProcessorChecker - Bean 'org.springframework.boot.autoconfigure.jackson.JacksonAutoConfiguration$JacksonObjectMapperBuilderConfiguration' of type [org.springframework.boot.autoconfigure.jackson.JacksonAutoConfiguration$JacksonObjectMapperBuilderConfiguration$$EnhancerBySpringCGLIB$$168b4c44] is not eligible for getting processed by all BeanPostProcessors (for example: not eligible for auto-proxying)
2025-11-13 10:50:15.884 INFO  [main] o.s.c.s.PostProcessorRegistrationDelegate$BeanPostProcessorChecker - Bean 'org.springframework.boot.autoconfigure.jackson.JacksonAutoConfiguration$Jackson2ObjectMapperBuilderCustomizerConfiguration' of type [org.springframework.boot.autoconfigure.jackson.JacksonAutoConfiguration$Jackson2ObjectMapperBuilderCustomizerConfiguration$$EnhancerBySpringCGLIB$$d1a23233] is not eligible for getting processed by all BeanPostProcessors (for example: not eligible for auto-proxying)
2025-11-13 10:50:15.888 INFO  [main] o.s.c.s.PostProcessorRegistrationDelegate$BeanPostProcessorChecker - Bean 'spring.jackson-org.springframework.boot.autoconfigure.jackson.JacksonProperties' of type [org.springframework.boot.autoconfigure.jackson.JacksonProperties] is not eligible for getting processed by all BeanPostProcessors (for example: not eligible for auto-proxying)
2025-11-13 10:50:15.889 INFO  [main] o.s.c.s.PostProcessorRegistrationDelegate$BeanPostProcessorChecker - Bean 'standardJacksonObjectMapperBuilderCustomizer' of type [org.springframework.boot.autoconfigure.jackson.JacksonAutoConfiguration$Jackson2ObjectMapperBuilderCustomizerConfiguration$StandardJackson2ObjectMapperBuilderCustomizer] is not eligible for getting processed by all BeanPostProcessors (for example: not eligible for auto-proxying)
2025-11-13 10:50:15.893 INFO  [main] o.s.c.s.PostProcessorRegistrationDelegate$BeanPostProcessorChecker - Bean 'org.springframework.boot.autoconfigure.jackson.JacksonAutoConfiguration$ParameterNamesModuleConfiguration' of type [org.springframework.boot.autoconfigure.jackson.JacksonAutoConfiguration$ParameterNamesModuleConfiguration$$EnhancerBySpringCGLIB$$f86da961] is not eligible for getting processed by all BeanPostProcessors (for example: not eligible for auto-proxying)
2025-11-13 10:50:15.897 INFO  [main] o.s.c.s.PostProcessorRegistrationDelegate$BeanPostProcessorChecker - Bean 'parameterNamesModule' of type [com.fasterxml.jackson.module.paramnames.ParameterNamesModule] is not eligible for getting processed by all BeanPostProcessors (for example: not eligible for auto-proxying)
2025-11-13 10:50:15.899 INFO  [main] o.s.c.s.PostProcessorRegistrationDelegate$BeanPostProcessorChecker - Bean 'org.springframework.boot.autoconfigure.jackson.JacksonAutoConfiguration' of type [org.springframework.boot.autoconfigure.jackson.JacksonAutoConfiguration$$EnhancerBySpringCGLIB$$464a27ba] is not eligible for getting processed by all BeanPostProcessors (for example: not eligible for auto-proxying)
2025-11-13 10:50:15.906 INFO  [main] o.s.c.s.PostProcessorRegistrationDelegate$BeanPostProcessorChecker - Bean 'jsonComponentModule' of type [org.springframework.boot.jackson.JsonComponentModule] is not eligible for getting processed by all BeanPostProcessors (for example: not eligible for auto-proxying)
2025-11-13 10:50:15.907 INFO  [main] o.s.c.s.PostProcessorRegistrationDelegate$BeanPostProcessorChecker - Bean 'org.springframework.data.web.config.SpringDataJacksonConfiguration' of type [org.springframework.data.web.config.SpringDataJacksonConfiguration] is not eligible for getting processed by all BeanPostProcessors (for example: not eligible for auto-proxying)
2025-11-13 10:50:15.910 INFO  [main] o.s.c.s.PostProcessorRegistrationDelegate$BeanPostProcessorChecker - Bean 'jacksonGeoModule' of type [org.springframework.data.geo.GeoModule] is not eligible for getting processed by all BeanPostProcessors (for example: not eligible for auto-proxying)
2025-11-13 10:50:15.912 INFO  [main] o.s.c.s.PostProcessorRegistrationDelegate$BeanPostProcessorChecker - Bean 'jacksonObjectMapperBuilder' of type [org.springframework.http.converter.json.Jackson2ObjectMapperBuilder] is not eligible for getting processed by all BeanPostProcessors (for example: not eligible for auto-proxying)
2025-11-13 10:50:15.929 INFO  [main] o.s.c.s.PostProcessorRegistrationDelegate$BeanPostProcessorChecker - Bean 'jacksonObjectMapper' of type [com.fasterxml.jackson.databind.ObjectMapper] is not eligible for getting processed by all BeanPostProcessors (for example: not eligible for auto-proxying)
2025-11-13 10:50:15.936 INFO  [main] o.s.c.s.PostProcessorRegistrationDelegate$BeanPostProcessorChecker - Bean 'cacheService' of type [cc.mrbird.febs.common.service.impl.CacheServiceImpl] is not eligible for getting processed by all BeanPostProcessors (for example: not eligible for auto-proxying)
2025-11-13 10:50:15.941 INFO  [main] o.s.c.s.PostProcessorRegistrationDelegate$BeanPostProcessorChecker - Bean 'userManager' of type [cc.mrbird.febs.system.manager.UserManager] is not eligible for getting processed by all BeanPostProcessors (for example: not eligible for auto-proxying)
2025-11-13 10:50:15.941 INFO  [main] o.s.c.s.PostProcessorRegistrationDelegate$BeanPostProcessorChecker - Bean 'shiroRealm' of type [cc.mrbird.febs.common.authentication.ShiroRealm] is not eligible for getting processed by all BeanPostProcessors (for example: not eligible for auto-proxying)
2025-11-13 10:50:15.948 INFO  [main] o.s.c.s.PostProcessorRegistrationDelegate$BeanPostProcessorChecker - Bean 'securityManager' of type [org.apache.shiro.web.mgt.DefaultWebSecurityManager] is not eligible for getting processed by all BeanPostProcessors (for example: not eligible for auto-proxying)
2025-11-13 10:50:15.957 INFO  [main] o.s.c.s.PostProcessorRegistrationDelegate$BeanPostProcessorChecker - Bean 'authorizationAttributeSourceAdvisor' of type [org.apache.shiro.spring.security.interceptor.AuthorizationAttributeSourceAdvisor] is not eligible for getting processed by all BeanPostProcessors (for example: not eligible for auto-proxying)
2025-11-13 10:50:15.965 INFO  [main] o.s.c.s.PostProcessorRegistrationDelegate$BeanPostProcessorChecker - Bean 'org.springframework.integration.config.IntegrationManagementConfiguration' of type [org.springframework.integration.config.IntegrationManagementConfiguration$$EnhancerBySpringCGLIB$$739cc5c9] is not eligible for getting processed by all BeanPostProcessors (for example: not eligible for auto-proxying)
2025-11-13 10:50:15.975 INFO  [main] o.s.c.s.PostProcessorRegistrationDelegate$BeanPostProcessorChecker - Bean 'integrationDisposableAutoCreatedBeans' of type [org.springframework.integration.config.annotation.Disposables] is not eligible for getting processed by all BeanPostProcessors (for example: not eligible for auto-proxying)
2025-11-13 10:50:16.247 INFO  [main] o.s.b.w.e.tomcat.TomcatWebServer - Tomcat initialized with port(s): 9527 (http)
2025-11-13 10:50:16.256 INFO  [main] o.a.coyote.http11.Http11NioProtocol - Initializing ProtocolHandler ["http-nio-0.0.0.0-9527"]
2025-11-13 10:50:16.259 INFO  [main] o.a.catalina.core.StandardService - Starting service [Tomcat]
2025-11-13 10:50:16.259 INFO  [main] o.a.catalina.core.StandardEngine - Starting Servlet Engine: Apache Tomcat/9.0.12
2025-11-13 10:50:16.264 INFO  [main] o.a.c.core.AprLifecycleListener - The APR based Apache Tomcat Native library which allows optimal performance in production environments was not found on the java.library.path: [C:\Users\江西杰联医疗设备有限公司\.jdks\corretto-1.8.0_452\bin;C:\WINDOWS\Sun\Java\bin;C:\WINDOWS\system32;C:\WINDOWS;C:\Program Files\Java\jdk-1.8\bin;C:\Program Files\Common Files\Oracle\Java\javapath;C:\Program Files (x86)\Common Files\Oracle\Java\java8path;C:\Program Files (x86)\Common Files\Oracle\Java\javapath;C:\WINDOWS\system32;C:\WINDOWS;C:\WINDOWS\System32\Wbem;C:\WINDOWS\System32\WindowsPowerShell\v1.0\;C:\WINDOWS\System32\OpenSSH\;C:\Program Files\Microsoft SQL Server\Client SDK\ODBC\170\Tools\Binn\;C:\Program Files\dotnet\;C:\Program Files (x86)\Microsoft SQL Server\160\DTS\Binn\;F:\Git\cmd;D:\java\bin;D:\java\lib;C:\Program Files\MATLAB\R2024a\runtime\win64;C:\Program Files\MATLAB\R2024a\bin;F:\vivo\pcsuite\;D:\Git LFS;F:\Maven\apache-maven-3.8.9\bin;F:\nodejs\;F:\Yarn\bin\;C:\Program Files\Java\jdk-1.8\bin;C:\Program Files\Common Files\Oracle\Java\javapath;C:\Program Files (x86)\Common Files\Oracle\Java\java8path;C:\Program Files (x86)\Common Files\Oracle\Java\javapath;C:\WINDOWS\system32;C:\WINDOWS;C:\WINDOWS\System32\Wbem;C:\WINDOWS\System32\WindowsPowerShell\v1.0\;C:\WINDOWS\System32\OpenSSH\;C:\Program Files\Microsoft SQL Server\Client SDK\ODBC\170\Tools\Binn\;C:\Program Files\dotnet\;C:\Program Files (x86)\Microsoft SQL Server\160\DTS\Binn\;F:\Git\cmd;D:\java\bin;D:\java\lib;C:\Program Files\MATLAB\R2024a\runtime\win64;C:\Program Files\MATLAB\R2024a\bin;F:\vivo\pcsuite\;D:\Git LFS;F:\Maven\apache-maven-3.8.9\bin;F:\nodejs\;F:\Yarn\bin\;C:\Program Files\Java\jdk-17\bin;C:\Program Files\Java\jdk-17\bin;C:\Program Files\Java\jdk-17\bin;C:\Program Files\Java\jdk-17\bin;C:\Program Files\Java\jdk-17\bin;.]
2025-11-13 10:50:16.356 INFO  [main] o.a.c.c.C.[Tomcat].[localhost].[/] - Initializing Spring embedded WebApplicationContext
2025-11-13 10:50:16.356 INFO  [main] o.s.web.context.ContextLoader - Root WebApplicationContext: initialization completed in 2962 ms
2025-11-13 10:50:16.737 INFO  [main] o.s.b.w.s.FilterRegistrationBean - Mapping filter: 'characterEncodingFilter' to: [/*]
2025-11-13 10:50:16.738 INFO  [main] o.s.b.w.s.FilterRegistrationBean - Mapping filter: 'webMvcMetricsFilter' to: [/*]
2025-11-13 10:50:16.738 INFO  [main] o.s.b.w.s.FilterRegistrationBean - Mapping filter: 'hiddenHttpMethodFilter' to: [/*]
2025-11-13 10:50:16.738 INFO  [main] o.s.b.w.s.FilterRegistrationBean - Mapping filter: 'formContentFilter' to: [/*]
2025-11-13 10:50:16.738 INFO  [main] o.s.b.w.s.FilterRegistrationBean - Mapping filter: 'requestContextFilter' to: [/*]
2025-11-13 10:50:16.738 INFO  [main] o.s.b.w.s.FilterRegistrationBean - Mapping filter: 'httpTraceFilter' to: [/*]
2025-11-13 10:50:16.738 INFO  [main] o.s.b.w.s.FilterRegistrationBean - Mapping filter: 'shiroFilterFactoryBean' to: [/*]
2025-11-13 10:50:16.738 INFO  [main] o.s.b.w.s.ServletRegistrationBean - Servlet dispatcherServlet mapped to [/]
2025-11-13 10:50:17.047 WARN  [main] c.b.m.core.toolkit.TableInfoHelper - Warn: Could not find @TableId in Class: cc.mrbird.febs.system.domain.Department.
2025-11-13 10:50:17.162 INFO  [main] o.s.i.channel.DirectChannel - Channel 'unknown.channel.name' has 1 subscriber(s).
2025-11-13 10:50:17.609 WARN  [main] c.b.m.core.toolkit.TableInfoHelper - Warn: Could not find @TableId in Class: cc.mrbird.febs.system.domain.Hospital.
2025-11-13 10:50:17.760 WARN  [main] c.b.m.core.toolkit.TableInfoHelper - Warn: Could not find @TableId in Class: cc.mrbird.febs.system.domain.Test.
2025-11-13 10:50:17.839 INFO  [main] o.s.s.c.ThreadPoolTaskExecutor - Initializing ExecutorService 'taskExecutor'
2025-11-13 10:50:17.886 INFO  [main] o.s.i.channel.DirectChannel - Channel 'unknown.channel.name' has 1 subscriber(s).
2025-11-13 10:50:17.895 INFO  [main] o.s.i.channel.DirectChannel - Channel 'unknown.channel.name' has 1 subscriber(s).
2025-11-13 10:50:18.226 WARN  [main] o.t.templatemode.TemplateMode - [THYMELEAF][main] Template Mode 'HTML5' is deprecated. Using Template Mode 'HTML' instead.
2025-11-13 10:50:18.831 INFO  [main] org.quartz.impl.StdSchedulerFactory - Using default implementation for ThreadExecutor
2025-11-13 10:50:18.839 INFO  [main] o.quartz.core.SchedulerSignalerImpl - Initialized Scheduler Signaller of type: class org.quartz.core.SchedulerSignalerImpl
2025-11-13 10:50:18.839 INFO  [main] org.quartz.core.QuartzScheduler - Quartz Scheduler v.2.3.0 created.
2025-11-13 10:50:18.840 INFO  [main] org.quartz.simpl.RAMJobStore - RAMJobStore initialized.
2025-11-13 10:50:18.840 INFO  [main] org.quartz.core.QuartzScheduler - Scheduler meta-data: Quartz Scheduler (v2.3.0) 'quartzScheduler' with instanceId 'NON_CLUSTERED'
  Scheduler class: 'org.quartz.core.QuartzScheduler' - running locally.
  NOT STARTED.
  Currently in standby mode.
  Number of jobs executed: 0
  Using thread pool 'org.quartz.simpl.SimpleThreadPool' - with 10 threads.
  Using job-store 'org.quartz.simpl.RAMJobStore' - which does not support persistence. and is not clustered.

2025-11-13 10:50:18.840 INFO  [main] org.quartz.impl.StdSchedulerFactory - Quartz scheduler 'quartzScheduler' initialized from an externally provided properties instance.
2025-11-13 10:50:18.840 INFO  [main] org.quartz.impl.StdSchedulerFactory - Quartz scheduler version: 2.3.0
2025-11-13 10:50:18.840 INFO  [main] org.quartz.core.QuartzScheduler - JobFactory set to: org.springframework.scheduling.quartz.SpringBeanJobFactory@5c3924fd
2025-11-13 10:50:18.858 INFO  [main] o.s.s.c.ThreadPoolTaskScheduler - Initializing ExecutorService 'taskScheduler'
2025-11-13 10:50:18.898 INFO  [main] o.s.b.a.e.web.EndpointLinksResolver - Exposing 2 endpoint(s) beneath base path '/actuator'
2025-11-13 10:50:19.082 INFO  [main] o.s.i.endpoint.EventDrivenConsumer - Adding {logging-channel-adapter:_org.springframework.integration.errorLogger} as a subscriber to the 'errorChannel' channel
2025-11-13 10:50:19.082 INFO  [main] o.s.i.c.PublishSubscribeChannel - Channel 'application.errorChannel' has 1 subscriber(s).
2025-11-13 10:50:19.082 INFO  [main] o.s.i.endpoint.EventDrivenConsumer - started _org.springframework.integration.errorLogger
2025-11-13 10:50:19.224 INFO  [main] o.s.i.m.i.MqttPahoMessageDrivenChannelAdapter - started toiletMqttInbound
2025-11-13 10:50:19.243 INFO  [main] o.s.s.quartz.SchedulerFactoryBean - Starting Quartz Scheduler now
2025-11-13 10:50:19.243 INFO  [main] org.quartz.core.QuartzScheduler - Scheduler quartzScheduler_$_NON_CLUSTERED started.
2025-11-13 10:50:19.270 INFO  [main] o.a.coyote.http11.Http11NioProtocol - Starting ProtocolHandler ["http-nio-0.0.0.0-9527"]
2025-11-13 10:50:19.281 INFO  [main] o.a.tomcat.util.net.NioSelectorPool - Using a shared selector for servlet write/read
2025-11-13 10:50:19.293 INFO  [main] o.s.b.w.e.tomcat.TomcatWebServer - Tomcat started on port(s): 9527 (http) with context path ''
2025-11-13 10:50:19.295 INFO  [main] cc.mrbird.febs.FebsApplication - Started FebsApplication in 6.267 seconds (JVM running for 6.801)
2025-11-13 10:50:19.303 INFO  [main] c.m.f.common.runner.CacheInitRunner - Redis连接中 ······
2025-11-13 10:50:21.347 ERROR [main] c.m.f.common.runner.CacheInitRunner - 缓存初始化失败，Could not get a resource from the pool
2025-11-13 10:50:21.347 ERROR [main] c.m.f.common.runner.CacheInitRunner -  ____   __    _   _ 
2025-11-13 10:50:21.347 ERROR [main] c.m.f.common.runner.CacheInitRunner - | |_   / /\  | | | |
2025-11-13 10:50:21.347 ERROR [main] c.m.f.common.runner.CacheInitRunner - |_|   /_/--\ |_| |_|__
2025-11-13 10:50:21.347 ERROR [main] c.m.f.common.runner.CacheInitRunner -                         
2025-11-13 10:50:21.347 ERROR [main] c.m.f.common.runner.CacheInitRunner - FEBS启动失败              
2025-11-13 10:50:21.347 ERROR [main] c.m.f.common.runner.CacheInitRunner - Redis连接异常，请检查Redis连接配置并确保Redis服务已启动
2025-11-13 10:50:21.349 INFO  [main] org.quartz.core.QuartzScheduler - Scheduler quartzScheduler_$_NON_CLUSTERED paused.
2025-11-13 10:50:21.417 INFO  [scheduling-1] p6spy - 2025-11-13 10:50:21 | 耗时 38 ms | SQL 语句：
SELECT id,code,name,type_id,online_flag,create_date,open_flag,device_value,alert_value,value_type,remark,user_id,last_open_date,address FROM device_info WHERE open_flag = '1';
2025-11-13 10:50:21.440 INFO  [scheduling-1] p6spy - 2025-11-13 10:50:21 | 耗时 11 ms | SQL 语句：
SELECT id,device_id,device_type_id,type,score,create_date,remark FROM device_alert_info WHERE type = '1';
2025-11-13 10:50:21.451 INFO  [scheduling-1] p6spy - 2025-11-13 10:50:21 | 耗时 0 ms | SQL 语句：
SELECT id,code,name,type_id,online_flag,create_date,open_flag,device_value,alert_value,value_type,remark,user_id,last_open_date,address FROM device_info;
2025-11-13 10:50:21.457 INFO  [scheduling-1] p6spy - 2025-11-13 10:50:21 | 耗时 0 ms | SQL 语句：
SELECT id,device_id,device_type_id,type,score,create_date,remark FROM device_alert_info WHERE type = '2';
2025-11-13 10:50:23.403 INFO  [main] o.s.i.m.i.MqttPahoMessageDrivenChannelAdapter - stopped toiletMqttInbound
2025-11-13 10:50:23.403 INFO  [main] o.s.i.endpoint.EventDrivenConsumer - Removing {logging-channel-adapter:_org.springframework.integration.errorLogger} as a subscriber to the 'errorChannel' channel
2025-11-13 10:50:23.403 INFO  [main] o.s.i.c.PublishSubscribeChannel - Channel 'application.errorChannel' has 0 subscriber(s).
2025-11-13 10:50:23.403 INFO  [main] o.s.i.endpoint.EventDrivenConsumer - stopped _org.springframework.integration.errorLogger
2025-11-13 10:50:23.404 INFO  [main] o.s.s.c.ThreadPoolTaskScheduler - Shutting down ExecutorService 'taskScheduler'
2025-11-13 10:50:23.404 INFO  [main] o.s.s.quartz.SchedulerFactoryBean - Shutting down Quartz Scheduler
2025-11-13 10:50:23.404 INFO  [main] org.quartz.core.QuartzScheduler - Scheduler quartzScheduler_$_NON_CLUSTERED shutting down.
2025-11-13 10:50:23.404 INFO  [main] org.quartz.core.QuartzScheduler - Scheduler quartzScheduler_$_NON_CLUSTERED paused.
2025-11-13 10:50:23.405 INFO  [main] org.quartz.core.QuartzScheduler - Scheduler quartzScheduler_$_NON_CLUSTERED shutdown complete.
2025-11-13 10:50:23.413 INFO  [main] o.s.s.c.ThreadPoolTaskExecutor - Shutting down ExecutorService 'taskExecutor'
2025-11-13 10:50:23.416 INFO  [main] c.b.d.d.DynamicRoutingDataSource - closing dynamicDatasource  ing....
2025-11-13 10:50:23.417 INFO  [main] com.zaxxer.hikari.HikariDataSource - primary - Shutdown initiated...
2025-11-13 10:50:23.418 INFO  [main] com.zaxxer.hikari.HikariDataSource - primary - Shutdown completed.
2025-11-13 11:18:27.250 INFO  [main] cc.mrbird.febs.FebsApplication - Starting FebsApplication on DESKTOP-J4S0HA1 with PID 21588 (F:\TMSmanager\backend\target\classes started by 江西杰联医疗设备有限公司 in F:\TMSmanager\backend)
2025-11-13 11:18:27.265 INFO  [main] cc.mrbird.febs.FebsApplication - No active profile set, falling back to default profiles: default
2025-11-13 11:18:32.726 WARN  [main] o.m.s.mapper.ClassPathMapperScanner - Skipping MapperFactoryBean with name 'departmentMapper' and 'cc.mrbird.febs.system.dao.DepartmentMapper' mapperInterface. Bean already defined with the same name!
2025-11-13 11:18:32.726 WARN  [main] o.m.s.mapper.ClassPathMapperScanner - Skipping MapperFactoryBean with name 'deptMapper' and 'cc.mrbird.febs.system.dao.DeptMapper' mapperInterface. Bean already defined with the same name!
2025-11-13 11:18:32.726 WARN  [main] o.m.s.mapper.ClassPathMapperScanner - Skipping MapperFactoryBean with name 'deviceMapper' and 'cc.mrbird.febs.system.dao.DeviceMapper' mapperInterface. Bean already defined with the same name!
2025-11-13 11:18:32.726 WARN  [main] o.m.s.mapper.ClassPathMapperScanner - Skipping MapperFactoryBean with name 'dictMapper' and 'cc.mrbird.febs.system.dao.DictMapper' mapperInterface. Bean already defined with the same name!
2025-11-13 11:18:32.726 WARN  [main] o.m.s.mapper.ClassPathMapperScanner - Skipping MapperFactoryBean with name 'hospitalMapper' and 'cc.mrbird.febs.system.dao.HospitalMapper' mapperInterface. Bean already defined with the same name!
2025-11-13 11:18:32.726 WARN  [main] o.m.s.mapper.ClassPathMapperScanner - Skipping MapperFactoryBean with name 'logMapper' and 'cc.mrbird.febs.system.dao.LogMapper' mapperInterface. Bean already defined with the same name!
2025-11-13 11:18:32.726 WARN  [main] o.m.s.mapper.ClassPathMapperScanner - Skipping MapperFactoryBean with name 'loginLogMapper' and 'cc.mrbird.febs.system.dao.LoginLogMapper' mapperInterface. Bean already defined with the same name!
2025-11-13 11:18:32.726 WARN  [main] o.m.s.mapper.ClassPathMapperScanner - Skipping MapperFactoryBean with name 'menuMapper' and 'cc.mrbird.febs.system.dao.MenuMapper' mapperInterface. Bean already defined with the same name!
2025-11-13 11:18:32.726 WARN  [main] o.m.s.mapper.ClassPathMapperScanner - Skipping MapperFactoryBean with name 'mepDataMapper' and 'cc.mrbird.febs.system.dao.MepDataMapper' mapperInterface. Bean already defined with the same name!
2025-11-13 11:18:32.726 WARN  [main] o.m.s.mapper.ClassPathMapperScanner - Skipping MapperFactoryBean with name 'mepRecordMapper' and 'cc.mrbird.febs.system.dao.MepRecordMapper' mapperInterface. Bean already defined with the same name!
2025-11-13 11:18:32.726 WARN  [main] o.m.s.mapper.ClassPathMapperScanner - Skipping MapperFactoryBean with name 'patientMapper' and 'cc.mrbird.febs.system.dao.PatientMapper' mapperInterface. Bean already defined with the same name!
2025-11-13 11:18:32.727 WARN  [main] o.m.s.mapper.ClassPathMapperScanner - Skipping MapperFactoryBean with name 'prescriptionExecutionMapper' and 'cc.mrbird.febs.system.dao.PrescriptionExecutionMapper' mapperInterface. Bean already defined with the same name!
2025-11-13 11:18:32.727 WARN  [main] o.m.s.mapper.ClassPathMapperScanner - Skipping MapperFactoryBean with name 'prescriptionMapper' and 'cc.mrbird.febs.system.dao.PrescriptionMapper' mapperInterface. Bean already defined with the same name!
2025-11-13 11:18:32.727 WARN  [main] o.m.s.mapper.ClassPathMapperScanner - Skipping MapperFactoryBean with name 'prescriptionRecordMapper' and 'cc.mrbird.febs.system.dao.PrescriptionRecordMapper' mapperInterface. Bean already defined with the same name!
2025-11-13 11:18:32.727 WARN  [main] o.m.s.mapper.ClassPathMapperScanner - Skipping MapperFactoryBean with name 'roleMapper' and 'cc.mrbird.febs.system.dao.RoleMapper' mapperInterface. Bean already defined with the same name!
2025-11-13 11:18:32.727 WARN  [main] o.m.s.mapper.ClassPathMapperScanner - Skipping MapperFactoryBean with name 'roleMenuMapper' and 'cc.mrbird.febs.system.dao.RoleMenuMapper' mapperInterface. Bean already defined with the same name!
2025-11-13 11:18:32.727 WARN  [main] o.m.s.mapper.ClassPathMapperScanner - Skipping MapperFactoryBean with name 'standardPrescriptionMapper' and 'cc.mrbird.febs.system.dao.StandardPrescriptionMapper' mapperInterface. Bean already defined with the same name!
2025-11-13 11:18:32.727 WARN  [main] o.m.s.mapper.ClassPathMapperScanner - Skipping MapperFactoryBean with name 'stimulationSiteMapper' and 'cc.mrbird.febs.system.dao.StimulationSiteMapper' mapperInterface. Bean already defined with the same name!
2025-11-13 11:18:32.727 WARN  [main] o.m.s.mapper.ClassPathMapperScanner - Skipping MapperFactoryBean with name 'tbsPrescriptionMapper' and 'cc.mrbird.febs.system.dao.TbsPrescriptionMapper' mapperInterface. Bean already defined with the same name!
2025-11-13 11:18:32.727 WARN  [main] o.m.s.mapper.ClassPathMapperScanner - Skipping MapperFactoryBean with name 'testMapper' and 'cc.mrbird.febs.system.dao.TestMapper' mapperInterface. Bean already defined with the same name!
2025-11-13 11:18:32.727 WARN  [main] o.m.s.mapper.ClassPathMapperScanner - Skipping MapperFactoryBean with name 'treatmentRecordMapper' and 'cc.mrbird.febs.system.dao.TreatmentRecordMapper' mapperInterface. Bean already defined with the same name!
2025-11-13 11:18:32.727 WARN  [main] o.m.s.mapper.ClassPathMapperScanner - Skipping MapperFactoryBean with name 'userConfigMapper' and 'cc.mrbird.febs.system.dao.UserConfigMapper' mapperInterface. Bean already defined with the same name!
2025-11-13 11:18:32.727 WARN  [main] o.m.s.mapper.ClassPathMapperScanner - Skipping MapperFactoryBean with name 'userMapper' and 'cc.mrbird.febs.system.dao.UserMapper' mapperInterface. Bean already defined with the same name!
2025-11-13 11:18:32.727 WARN  [main] o.m.s.mapper.ClassPathMapperScanner - Skipping MapperFactoryBean with name 'userRoleMapper' and 'cc.mrbird.febs.system.dao.UserRoleMapper' mapperInterface. Bean already defined with the same name!
2025-11-13 11:18:32.727 WARN  [main] o.m.s.mapper.ClassPathMapperScanner - No MyBatis mapper was found in '[cc.mrbird.febs.system.dao]' package. Please check your configuration.
2025-11-13 11:18:32.938 INFO  [main] o.s.d.r.c.RepositoryConfigurationDelegate - Multiple Spring Data modules found, entering strict repository configuration mode!
2025-11-13 11:18:32.940 INFO  [main] o.s.d.r.c.RepositoryConfigurationDelegate - Bootstrapping Spring Data repositories in DEFAULT mode.
2025-11-13 11:18:32.984 INFO  [main] o.s.d.r.c.RepositoryConfigurationDelegate - Finished Spring Data repository scanning in 30ms. Found 0 repository interfaces.
2025-11-13 11:18:33.182 INFO  [main] o.s.i.c.DefaultConfiguringBeanFactoryPostProcessor - No bean named 'errorChannel' has been explicitly defined. Therefore, a default PublishSubscribeChannel will be created.
2025-11-13 11:18:33.190 INFO  [main] o.s.i.c.DefaultConfiguringBeanFactoryPostProcessor - No bean named 'integrationHeaderChannelRegistry' has been explicitly defined. Therefore, a default DefaultHeaderChannelRegistry will be created.
2025-11-13 11:18:33.230 INFO  [main] o.s.c.s.PostProcessorRegistrationDelegate$BeanPostProcessorChecker - Bean 'asyncExecutorPoolConfig' of type [cc.mrbird.febs.common.config.AsyncExecutorPoolConfig$$EnhancerBySpringCGLIB$$8051f31d] is not eligible for getting processed by all BeanPostProcessors (for example: not eligible for auto-proxying)
2025-11-13 11:18:33.317 INFO  [main] o.s.c.s.PostProcessorRegistrationDelegate$BeanPostProcessorChecker - Bean 'spring.datasource.dynamic-com.baomidou.dynamic.datasource.spring.boot.autoconfigure.DynamicDataSourceProperties' of type [com.baomidou.dynamic.datasource.spring.boot.autoconfigure.DynamicDataSourceProperties] is not eligible for getting processed by all BeanPostProcessors (for example: not eligible for auto-proxying)
2025-11-13 11:18:33.382 INFO  [main] o.s.c.s.PostProcessorRegistrationDelegate$BeanPostProcessorChecker - Bean 'com.baomidou.dynamic.datasource.spring.boot.autoconfigure.DynamicDataSourceAutoConfiguration' of type [com.baomidou.dynamic.datasource.spring.boot.autoconfigure.DynamicDataSourceAutoConfiguration$$EnhancerBySpringCGLIB$$5aa13ec1] is not eligible for getting processed by all BeanPostProcessors (for example: not eligible for auto-proxying)
2025-11-13 11:18:33.397 INFO  [main] o.s.c.s.PostProcessorRegistrationDelegate$BeanPostProcessorChecker - Bean 'dsProcessor' of type [com.baomidou.dynamic.datasource.processor.DsHeaderProcessor] is not eligible for getting processed by all BeanPostProcessors (for example: not eligible for auto-proxying)
2025-11-13 11:18:33.400 INFO  [main] o.s.c.s.PostProcessorRegistrationDelegate$BeanPostProcessorChecker - Bean 'dynamicDatasourceAnnotationAdvisor' of type [com.baomidou.dynamic.datasource.aop.DynamicDataSourceAnnotationAdvisor] is not eligible for getting processed by all BeanPostProcessors (for example: not eligible for auto-proxying)
2025-11-13 11:18:33.407 INFO  [main] o.s.c.s.PostProcessorRegistrationDelegate$BeanPostProcessorChecker - Bean 'org.springframework.transaction.annotation.ProxyTransactionManagementConfiguration' of type [org.springframework.transaction.annotation.ProxyTransactionManagementConfiguration$$EnhancerBySpringCGLIB$$f112cdf0] is not eligible for getting processed by all BeanPostProcessors (for example: not eligible for auto-proxying)
2025-11-13 11:18:33.419 INFO  [main] o.s.c.s.PostProcessorRegistrationDelegate$BeanPostProcessorChecker - Bean 'shiroConfig' of type [cc.mrbird.febs.common.authentication.ShiroConfig$$EnhancerBySpringCGLIB$$5c92cf99] is not eligible for getting processed by all BeanPostProcessors (for example: not eligible for auto-proxying)
2025-11-13 11:18:33.739 INFO  [main] o.s.c.s.PostProcessorRegistrationDelegate$BeanPostProcessorChecker - Bean 'redisConfig' of type [cc.mrbird.febs.common.config.RedisConfig$$EnhancerBySpringCGLIB$$555786ed] is not eligible for getting processed by all BeanPostProcessors (for example: not eligible for auto-proxying)
2025-11-13 11:18:33.751 INFO  [main] o.s.c.s.PostProcessorRegistrationDelegate$BeanPostProcessorChecker - Bean 'redisPoolFactory' of type [redis.clients.jedis.JedisPool] is not eligible for getting processed by all BeanPostProcessors (for example: not eligible for auto-proxying)
2025-11-13 11:18:33.753 INFO  [main] o.s.c.s.PostProcessorRegistrationDelegate$BeanPostProcessorChecker - Bean 'redisService' of type [cc.mrbird.febs.common.service.impl.RedisServiceImpl] is not eligible for getting processed by all BeanPostProcessors (for example: not eligible for auto-proxying)
2025-11-13 11:18:33.815 INFO  [main] o.s.c.s.PostProcessorRegistrationDelegate$BeanPostProcessorChecker - Bean 'mybatis-plus-com.baomidou.mybatisplus.autoconfigure.MybatisPlusProperties' of type [com.baomidou.mybatisplus.autoconfigure.MybatisPlusProperties] is not eligible for getting processed by all BeanPostProcessors (for example: not eligible for auto-proxying)
2025-11-13 11:18:33.820 INFO  [main] o.s.c.s.PostProcessorRegistrationDelegate$BeanPostProcessorChecker - Bean 'mybatisPlusConfig' of type [cc.mrbird.febs.common.config.MybatisPlusConfig$$EnhancerBySpringCGLIB$$429a29ff] is not eligible for getting processed by all BeanPostProcessors (for example: not eligible for auto-proxying)
2025-11-13 11:18:33.822 INFO  [main] o.s.c.s.PostProcessorRegistrationDelegate$BeanPostProcessorChecker - Bean 'paginationInterceptor' of type [com.baomidou.mybatisplus.extension.plugins.PaginationInterceptor] is not eligible for getting processed by all BeanPostProcessors (for example: not eligible for auto-proxying)
2025-11-13 11:18:33.826 INFO  [main] o.s.c.s.PostProcessorRegistrationDelegate$BeanPostProcessorChecker - Bean 'com.baomidou.mybatisplus.autoconfigure.MybatisPlusAutoConfiguration' of type [com.baomidou.mybatisplus.autoconfigure.MybatisPlusAutoConfiguration$$EnhancerBySpringCGLIB$$2edb3a8a] is not eligible for getting processed by all BeanPostProcessors (for example: not eligible for auto-proxying)
2025-11-13 11:18:33.832 INFO  [main] o.s.c.s.PostProcessorRegistrationDelegate$BeanPostProcessorChecker - Bean 'dynamicDataSourceCreator' of type [com.baomidou.dynamic.datasource.DynamicDataSourceCreator] is not eligible for getting processed by all BeanPostProcessors (for example: not eligible for auto-proxying)
2025-11-13 11:18:33.833 INFO  [main] o.s.c.s.PostProcessorRegistrationDelegate$BeanPostProcessorChecker - Bean 'dynamicDataSourceProvider' of type [com.baomidou.dynamic.datasource.provider.YmlDynamicDataSourceProvider] is not eligible for getting processed by all BeanPostProcessors (for example: not eligible for auto-proxying)
2025-11-13 11:18:33.835 INFO  [main] c.b.d.d.DynamicRoutingDataSource - 动态数据源-检测到并开启了p6spy
2025-11-13 11:18:33.841 INFO  [main] com.zaxxer.hikari.HikariDataSource - primary - Starting...
2025-11-13 11:18:33.929 INFO  [main] com.zaxxer.hikari.HikariDataSource - primary - Start completed.
2025-11-13 11:18:33.929 INFO  [main] c.b.d.d.DynamicRoutingDataSource - 初始共加载 1 个数据源
2025-11-13 11:18:33.929 INFO  [main] c.b.d.d.DynamicRoutingDataSource - 动态数据源-加载 primary 成功
2025-11-13 11:18:33.929 INFO  [main] c.b.d.d.DynamicRoutingDataSource - 当前的默认数据源是单数据源，数据源名为 primary
2025-11-13 11:18:33.929 INFO  [main] o.s.c.s.PostProcessorRegistrationDelegate$BeanPostProcessorChecker - Bean 'dataSource' of type [com.baomidou.dynamic.datasource.DynamicRoutingDataSource] is not eligible for getting processed by all BeanPostProcessors (for example: not eligible for auto-proxying)
2025-11-13 11:18:33.936 INFO  [main] o.s.c.s.PostProcessorRegistrationDelegate$BeanPostProcessorChecker - Bean 'spring.datasource-org.springframework.boot.autoconfigure.jdbc.DataSourceProperties' of type [org.springframework.boot.autoconfigure.jdbc.DataSourceProperties] is not eligible for getting processed by all BeanPostProcessors (for example: not eligible for auto-proxying)
2025-11-13 11:18:33.941 INFO  [main] o.s.c.s.PostProcessorRegistrationDelegate$BeanPostProcessorChecker - Bean 'org.springframework.boot.autoconfigure.jdbc.DataSourceInitializerInvoker' of type [org.springframework.boot.autoconfigure.jdbc.DataSourceInitializerInvoker] is not eligible for getting processed by all BeanPostProcessors (for example: not eligible for auto-proxying)
2025-11-13 11:18:34.557 WARN  [main] c.b.m.core.toolkit.TableInfoHelper - Warn: Could not find @TableId in Class: cc.mrbird.febs.system.domain.LoginLog.
2025-11-13 11:18:34.941 WARN  [main] c.b.m.core.toolkit.TableInfoHelper - Warn: Could not find @TableId in Class: cc.mrbird.febs.system.domain.UserRole.
2025-11-13 11:18:34.953 INFO  [main] o.s.c.s.PostProcessorRegistrationDelegate$BeanPostProcessorChecker - Bean 'sqlSessionFactory' of type [org.apache.ibatis.session.defaults.DefaultSqlSessionFactory] is not eligible for getting processed by all BeanPostProcessors (for example: not eligible for auto-proxying)
2025-11-13 11:18:34.959 INFO  [main] o.s.c.s.PostProcessorRegistrationDelegate$BeanPostProcessorChecker - Bean 'sqlSessionTemplate' of type [org.mybatis.spring.SqlSessionTemplate] is not eligible for getting processed by all BeanPostProcessors (for example: not eligible for auto-proxying)
2025-11-13 11:18:34.960 INFO  [main] o.s.c.s.PostProcessorRegistrationDelegate$BeanPostProcessorChecker - Bean 'roleMapper' of type [org.mybatis.spring.mapper.MapperFactoryBean] is not eligible for getting processed by all BeanPostProcessors (for example: not eligible for auto-proxying)
2025-11-13 11:18:34.962 INFO  [main] o.s.c.s.PostProcessorRegistrationDelegate$BeanPostProcessorChecker - Bean 'roleMapper' of type [com.sun.proxy.$Proxy115] is not eligible for getting processed by all BeanPostProcessors (for example: not eligible for auto-proxying)
2025-11-13 11:18:34.966 WARN  [main] c.b.m.core.toolkit.TableInfoHelper - Warn: Could not find @TableId in Class: cc.mrbird.febs.system.domain.RoleMenu.
2025-11-13 11:18:34.978 INFO  [main] o.s.c.s.PostProcessorRegistrationDelegate$BeanPostProcessorChecker - Bean 'roleMenuMapper' of type [org.mybatis.spring.mapper.MapperFactoryBean] is not eligible for getting processed by all BeanPostProcessors (for example: not eligible for auto-proxying)
2025-11-13 11:18:34.979 INFO  [main] o.s.c.s.PostProcessorRegistrationDelegate$BeanPostProcessorChecker - Bean 'roleMenuMapper' of type [com.sun.proxy.$Proxy117] is not eligible for getting processed by all BeanPostProcessors (for example: not eligible for auto-proxying)
2025-11-13 11:18:34.983 INFO  [main] o.s.c.s.PostProcessorRegistrationDelegate$BeanPostProcessorChecker - Bean 'userRoleMapper' of type [org.mybatis.spring.mapper.MapperFactoryBean] is not eligible for getting processed by all BeanPostProcessors (for example: not eligible for auto-proxying)
2025-11-13 11:18:34.984 INFO  [main] o.s.c.s.PostProcessorRegistrationDelegate$BeanPostProcessorChecker - Bean 'userRoleMapper' of type [com.sun.proxy.$Proxy118] is not eligible for getting processed by all BeanPostProcessors (for example: not eligible for auto-proxying)
2025-11-13 11:18:34.985 INFO  [main] o.s.c.s.PostProcessorRegistrationDelegate$BeanPostProcessorChecker - Bean 'userRoleService' of type [cc.mrbird.febs.system.service.impl.UserRoleServiceImpl] is not eligible for getting processed by all BeanPostProcessors (for example: not eligible for auto-proxying)
2025-11-13 11:18:35.013 INFO  [main] o.s.c.s.PostProcessorRegistrationDelegate$BeanPostProcessorChecker - Bean 'roleMenuService' of type [cc.mrbird.febs.system.service.impl.RoleMenuServiceImpl] is not eligible for getting processed by all BeanPostProcessors (for example: not eligible for auto-proxying)
2025-11-13 11:18:35.026 INFO  [main] o.s.c.s.PostProcessorRegistrationDelegate$BeanPostProcessorChecker - Bean 'roleService' of type [cc.mrbird.febs.system.service.impl.RoleServiceImpl] is not eligible for getting processed by all BeanPostProcessors (for example: not eligible for auto-proxying)
2025-11-13 11:18:35.044 INFO  [main] o.s.c.s.PostProcessorRegistrationDelegate$BeanPostProcessorChecker - Bean 'menuMapper' of type [org.mybatis.spring.mapper.MapperFactoryBean] is not eligible for getting processed by all BeanPostProcessors (for example: not eligible for auto-proxying)
2025-11-13 11:18:35.045 INFO  [main] o.s.c.s.PostProcessorRegistrationDelegate$BeanPostProcessorChecker - Bean 'menuMapper' of type [com.sun.proxy.$Proxy122] is not eligible for getting processed by all BeanPostProcessors (for example: not eligible for auto-proxying)
2025-11-13 11:18:35.047 INFO  [main] o.s.c.s.PostProcessorRegistrationDelegate$BeanPostProcessorChecker - Bean 'menuService' of type [cc.mrbird.febs.system.service.impl.MenuServiceImpl] is not eligible for getting processed by all BeanPostProcessors (for example: not eligible for auto-proxying)
2025-11-13 11:18:35.064 INFO  [main] o.s.c.s.PostProcessorRegistrationDelegate$BeanPostProcessorChecker - Bean 'userMapper' of type [org.mybatis.spring.mapper.MapperFactoryBean] is not eligible for getting processed by all BeanPostProcessors (for example: not eligible for auto-proxying)
2025-11-13 11:18:35.065 INFO  [main] o.s.c.s.PostProcessorRegistrationDelegate$BeanPostProcessorChecker - Bean 'userMapper' of type [com.sun.proxy.$Proxy124] is not eligible for getting processed by all BeanPostProcessors (for example: not eligible for auto-proxying)
2025-11-13 11:18:35.083 INFO  [main] o.s.c.s.PostProcessorRegistrationDelegate$BeanPostProcessorChecker - Bean 'userConfigMapper' of type [org.mybatis.spring.mapper.MapperFactoryBean] is not eligible for getting processed by all BeanPostProcessors (for example: not eligible for auto-proxying)
2025-11-13 11:18:35.084 INFO  [main] o.s.c.s.PostProcessorRegistrationDelegate$BeanPostProcessorChecker - Bean 'userConfigMapper' of type [com.sun.proxy.$Proxy125] is not eligible for getting processed by all BeanPostProcessors (for example: not eligible for auto-proxying)
2025-11-13 11:18:35.086 INFO  [main] o.s.c.s.PostProcessorRegistrationDelegate$BeanPostProcessorChecker - Bean 'userConfigService' of type [cc.mrbird.febs.system.service.impl.UserConfigServiceImpl] is not eligible for getting processed by all BeanPostProcessors (for example: not eligible for auto-proxying)
2025-11-13 11:18:35.103 INFO  [main] o.s.c.s.PostProcessorRegistrationDelegate$BeanPostProcessorChecker - Bean 'userInfoMapper' of type [org.mybatis.spring.mapper.MapperFactoryBean] is not eligible for getting processed by all BeanPostProcessors (for example: not eligible for auto-proxying)
2025-11-13 11:18:35.104 INFO  [main] o.s.c.s.PostProcessorRegistrationDelegate$BeanPostProcessorChecker - Bean 'userInfoMapper' of type [com.sun.proxy.$Proxy127] is not eligible for getting processed by all BeanPostProcessors (for example: not eligible for auto-proxying)
2025-11-13 11:18:35.105 INFO  [main] o.s.c.s.PostProcessorRegistrationDelegate$BeanPostProcessorChecker - Bean 'userInfoServiceImpl' of type [cc.mrbird.febs.cos.service.impl.UserInfoServiceImpl] is not eligible for getting processed by all BeanPostProcessors (for example: not eligible for auto-proxying)
2025-11-13 11:18:35.115 INFO  [main] o.s.c.s.PostProcessorRegistrationDelegate$BeanPostProcessorChecker - Bean 'userService' of type [cc.mrbird.febs.system.service.impl.UserServiceImpl] is not eligible for getting processed by all BeanPostProcessors (for example: not eligible for auto-proxying)
2025-11-13 11:18:35.130 INFO  [main] o.s.c.s.PostProcessorRegistrationDelegate$BeanPostProcessorChecker - Bean 'org.springframework.boot.autoconfigure.jackson.JacksonAutoConfiguration$JacksonObjectMapperConfiguration' of type [org.springframework.boot.autoconfigure.jackson.JacksonAutoConfiguration$JacksonObjectMapperConfiguration$$EnhancerBySpringCGLIB$$4ca64d81] is not eligible for getting processed by all BeanPostProcessors (for example: not eligible for auto-proxying)
2025-11-13 11:18:35.133 INFO  [main] o.s.c.s.PostProcessorRegistrationDelegate$BeanPostProcessorChecker - Bean 'org.springframework.boot.autoconfigure.jackson.JacksonAutoConfiguration$JacksonObjectMapperBuilderConfiguration' of type [org.springframework.boot.autoconfigure.jackson.JacksonAutoConfiguration$JacksonObjectMapperBuilderConfiguration$$EnhancerBySpringCGLIB$$fef30f9a] is not eligible for getting processed by all BeanPostProcessors (for example: not eligible for auto-proxying)
2025-11-13 11:18:35.134 INFO  [main] o.s.c.s.PostProcessorRegistrationDelegate$BeanPostProcessorChecker - Bean 'org.springframework.boot.autoconfigure.jackson.JacksonAutoConfiguration$Jackson2ObjectMapperBuilderCustomizerConfiguration' of type [org.springframework.boot.autoconfigure.jackson.JacksonAutoConfiguration$Jackson2ObjectMapperBuilderCustomizerConfiguration$$EnhancerBySpringCGLIB$$ba09f589] is not eligible for getting processed by all BeanPostProcessors (for example: not eligible for auto-proxying)
2025-11-13 11:18:35.139 INFO  [main] o.s.c.s.PostProcessorRegistrationDelegate$BeanPostProcessorChecker - Bean 'spring.jackson-org.springframework.boot.autoconfigure.jackson.JacksonProperties' of type [org.springframework.boot.autoconfigure.jackson.JacksonProperties] is not eligible for getting processed by all BeanPostProcessors (for example: not eligible for auto-proxying)
2025-11-13 11:18:35.141 INFO  [main] o.s.c.s.PostProcessorRegistrationDelegate$BeanPostProcessorChecker - Bean 'standardJacksonObjectMapperBuilderCustomizer' of type [org.springframework.boot.autoconfigure.jackson.JacksonAutoConfiguration$Jackson2ObjectMapperBuilderCustomizerConfiguration$StandardJackson2ObjectMapperBuilderCustomizer] is not eligible for getting processed by all BeanPostProcessors (for example: not eligible for auto-proxying)
2025-11-13 11:18:35.145 INFO  [main] o.s.c.s.PostProcessorRegistrationDelegate$BeanPostProcessorChecker - Bean 'org.springframework.boot.autoconfigure.jackson.JacksonAutoConfiguration$ParameterNamesModuleConfiguration' of type [org.springframework.boot.autoconfigure.jackson.JacksonAutoConfiguration$ParameterNamesModuleConfiguration$$EnhancerBySpringCGLIB$$e0d56cb7] is not eligible for getting processed by all BeanPostProcessors (for example: not eligible for auto-proxying)
2025-11-13 11:18:35.149 INFO  [main] o.s.c.s.PostProcessorRegistrationDelegate$BeanPostProcessorChecker - Bean 'parameterNamesModule' of type [com.fasterxml.jackson.module.paramnames.ParameterNamesModule] is not eligible for getting processed by all BeanPostProcessors (for example: not eligible for auto-proxying)
2025-11-13 11:18:35.151 INFO  [main] o.s.c.s.PostProcessorRegistrationDelegate$BeanPostProcessorChecker - Bean 'org.springframework.boot.autoconfigure.jackson.JacksonAutoConfiguration' of type [org.springframework.boot.autoconfigure.jackson.JacksonAutoConfiguration$$EnhancerBySpringCGLIB$$2eb1eb10] is not eligible for getting processed by all BeanPostProcessors (for example: not eligible for auto-proxying)
2025-11-13 11:18:35.161 INFO  [main] o.s.c.s.PostProcessorRegistrationDelegate$BeanPostProcessorChecker - Bean 'jsonComponentModule' of type [org.springframework.boot.jackson.JsonComponentModule] is not eligible for getting processed by all BeanPostProcessors (for example: not eligible for auto-proxying)
2025-11-13 11:18:35.163 INFO  [main] o.s.c.s.PostProcessorRegistrationDelegate$BeanPostProcessorChecker - Bean 'org.springframework.data.web.config.SpringDataJacksonConfiguration' of type [org.springframework.data.web.config.SpringDataJacksonConfiguration] is not eligible for getting processed by all BeanPostProcessors (for example: not eligible for auto-proxying)
2025-11-13 11:18:35.167 INFO  [main] o.s.c.s.PostProcessorRegistrationDelegate$BeanPostProcessorChecker - Bean 'jacksonGeoModule' of type [org.springframework.data.geo.GeoModule] is not eligible for getting processed by all BeanPostProcessors (for example: not eligible for auto-proxying)
2025-11-13 11:18:35.169 INFO  [main] o.s.c.s.PostProcessorRegistrationDelegate$BeanPostProcessorChecker - Bean 'jacksonObjectMapperBuilder' of type [org.springframework.http.converter.json.Jackson2ObjectMapperBuilder] is not eligible for getting processed by all BeanPostProcessors (for example: not eligible for auto-proxying)
2025-11-13 11:18:35.185 INFO  [main] o.s.c.s.PostProcessorRegistrationDelegate$BeanPostProcessorChecker - Bean 'jacksonObjectMapper' of type [com.fasterxml.jackson.databind.ObjectMapper] is not eligible for getting processed by all BeanPostProcessors (for example: not eligible for auto-proxying)
2025-11-13 11:18:35.195 INFO  [main] o.s.c.s.PostProcessorRegistrationDelegate$BeanPostProcessorChecker - Bean 'cacheService' of type [cc.mrbird.febs.common.service.impl.CacheServiceImpl] is not eligible for getting processed by all BeanPostProcessors (for example: not eligible for auto-proxying)
2025-11-13 11:18:35.199 INFO  [main] o.s.c.s.PostProcessorRegistrationDelegate$BeanPostProcessorChecker - Bean 'userManager' of type [cc.mrbird.febs.system.manager.UserManager] is not eligible for getting processed by all BeanPostProcessors (for example: not eligible for auto-proxying)
2025-11-13 11:18:35.199 INFO  [main] o.s.c.s.PostProcessorRegistrationDelegate$BeanPostProcessorChecker - Bean 'shiroRealm' of type [cc.mrbird.febs.common.authentication.ShiroRealm] is not eligible for getting processed by all BeanPostProcessors (for example: not eligible for auto-proxying)
2025-11-13 11:18:35.205 INFO  [main] o.s.c.s.PostProcessorRegistrationDelegate$BeanPostProcessorChecker - Bean 'securityManager' of type [org.apache.shiro.web.mgt.DefaultWebSecurityManager] is not eligible for getting processed by all BeanPostProcessors (for example: not eligible for auto-proxying)
2025-11-13 11:18:35.216 INFO  [main] o.s.c.s.PostProcessorRegistrationDelegate$BeanPostProcessorChecker - Bean 'authorizationAttributeSourceAdvisor' of type [org.apache.shiro.spring.security.interceptor.AuthorizationAttributeSourceAdvisor] is not eligible for getting processed by all BeanPostProcessors (for example: not eligible for auto-proxying)
2025-11-13 11:18:35.224 INFO  [main] o.s.c.s.PostProcessorRegistrationDelegate$BeanPostProcessorChecker - Bean 'org.springframework.integration.config.IntegrationManagementConfiguration' of type [org.springframework.integration.config.IntegrationManagementConfiguration$$EnhancerBySpringCGLIB$$5c04891f] is not eligible for getting processed by all BeanPostProcessors (for example: not eligible for auto-proxying)
2025-11-13 11:18:35.235 INFO  [main] o.s.c.s.PostProcessorRegistrationDelegate$BeanPostProcessorChecker - Bean 'integrationDisposableAutoCreatedBeans' of type [org.springframework.integration.config.annotation.Disposables] is not eligible for getting processed by all BeanPostProcessors (for example: not eligible for auto-proxying)
2025-11-13 11:18:35.510 INFO  [main] o.s.b.w.e.tomcat.TomcatWebServer - Tomcat initialized with port(s): 9527 (http)
2025-11-13 11:18:35.519 INFO  [main] o.a.coyote.http11.Http11NioProtocol - Initializing ProtocolHandler ["http-nio-0.0.0.0-9527"]
2025-11-13 11:18:35.522 INFO  [main] o.a.catalina.core.StandardService - Starting service [Tomcat]
2025-11-13 11:18:35.522 INFO  [main] o.a.catalina.core.StandardEngine - Starting Servlet Engine: Apache Tomcat/9.0.12
2025-11-13 11:18:35.528 INFO  [main] o.a.c.core.AprLifecycleListener - The APR based Apache Tomcat Native library which allows optimal performance in production environments was not found on the java.library.path: [C:\Users\江西杰联医疗设备有限公司\.jdks\corretto-1.8.0_452\bin;C:\WINDOWS\Sun\Java\bin;C:\WINDOWS\system32;C:\WINDOWS;C:\Program Files\Java\jdk-1.8\bin;C:\Program Files\Common Files\Oracle\Java\javapath;C:\Program Files (x86)\Common Files\Oracle\Java\java8path;C:\Program Files (x86)\Common Files\Oracle\Java\javapath;C:\WINDOWS\system32;C:\WINDOWS;C:\WINDOWS\System32\Wbem;C:\WINDOWS\System32\WindowsPowerShell\v1.0\;C:\WINDOWS\System32\OpenSSH\;C:\Program Files\Microsoft SQL Server\Client SDK\ODBC\170\Tools\Binn\;C:\Program Files\dotnet\;C:\Program Files (x86)\Microsoft SQL Server\160\DTS\Binn\;F:\Git\cmd;D:\java\bin;D:\java\lib;C:\Program Files\MATLAB\R2024a\runtime\win64;C:\Program Files\MATLAB\R2024a\bin;F:\vivo\pcsuite\;D:\Git LFS;F:\Maven\apache-maven-3.8.9\bin;F:\nodejs\;F:\Yarn\bin\;C:\Program Files\Java\jdk-1.8\bin;C:\Program Files\Common Files\Oracle\Java\javapath;C:\Program Files (x86)\Common Files\Oracle\Java\java8path;C:\Program Files (x86)\Common Files\Oracle\Java\javapath;C:\WINDOWS\system32;C:\WINDOWS;C:\WINDOWS\System32\Wbem;C:\WINDOWS\System32\WindowsPowerShell\v1.0\;C:\WINDOWS\System32\OpenSSH\;C:\Program Files\Microsoft SQL Server\Client SDK\ODBC\170\Tools\Binn\;C:\Program Files\dotnet\;C:\Program Files (x86)\Microsoft SQL Server\160\DTS\Binn\;F:\Git\cmd;D:\java\bin;D:\java\lib;C:\Program Files\MATLAB\R2024a\runtime\win64;C:\Program Files\MATLAB\R2024a\bin;F:\vivo\pcsuite\;D:\Git LFS;F:\Maven\apache-maven-3.8.9\bin;F:\nodejs\;F:\Yarn\bin\;C:\Program Files\Java\jdk-17\bin;C:\Program Files\Java\jdk-17\bin;C:\Program Files\Java\jdk-17\bin;C:\Program Files\Java\jdk-17\bin;C:\Program Files\Java\jdk-17\bin;.]
2025-11-13 11:18:36.055 INFO  [main] o.a.c.c.C.[Tomcat].[localhost].[/] - Initializing Spring embedded WebApplicationContext
2025-11-13 11:18:36.055 INFO  [main] o.s.web.context.ContextLoader - Root WebApplicationContext: initialization completed in 8762 ms
2025-11-13 11:18:36.408 INFO  [main] o.s.b.w.s.FilterRegistrationBean - Mapping filter: 'characterEncodingFilter' to: [/*]
2025-11-13 11:18:36.408 INFO  [main] o.s.b.w.s.FilterRegistrationBean - Mapping filter: 'webMvcMetricsFilter' to: [/*]
2025-11-13 11:18:36.408 INFO  [main] o.s.b.w.s.FilterRegistrationBean - Mapping filter: 'hiddenHttpMethodFilter' to: [/*]
2025-11-13 11:18:36.408 INFO  [main] o.s.b.w.s.FilterRegistrationBean - Mapping filter: 'formContentFilter' to: [/*]
2025-11-13 11:18:36.408 INFO  [main] o.s.b.w.s.FilterRegistrationBean - Mapping filter: 'requestContextFilter' to: [/*]
2025-11-13 11:18:36.409 INFO  [main] o.s.b.w.s.FilterRegistrationBean - Mapping filter: 'httpTraceFilter' to: [/*]
2025-11-13 11:18:36.409 INFO  [main] o.s.b.w.s.FilterRegistrationBean - Mapping filter: 'shiroFilterFactoryBean' to: [/*]
2025-11-13 11:18:36.409 INFO  [main] o.s.b.w.s.ServletRegistrationBean - Servlet dispatcherServlet mapped to [/]
2025-11-13 11:18:36.707 WARN  [main] c.b.m.core.toolkit.TableInfoHelper - Warn: Could not find @TableId in Class: cc.mrbird.febs.system.domain.Department.
2025-11-13 11:18:36.810 INFO  [main] o.s.i.channel.DirectChannel - Channel 'unknown.channel.name' has 1 subscriber(s).
2025-11-13 11:18:37.163 WARN  [main] c.b.m.core.toolkit.TableInfoHelper - Warn: Could not find @TableId in Class: cc.mrbird.febs.system.domain.Hospital.
2025-11-13 11:18:37.311 WARN  [main] c.b.m.core.toolkit.TableInfoHelper - Warn: Could not find @TableId in Class: cc.mrbird.febs.system.domain.Test.
2025-11-13 11:18:37.426 INFO  [main] o.s.s.c.ThreadPoolTaskExecutor - Initializing ExecutorService 'taskExecutor'
2025-11-13 11:18:37.459 INFO  [main] o.s.i.channel.DirectChannel - Channel 'unknown.channel.name' has 1 subscriber(s).
2025-11-13 11:18:37.468 INFO  [main] o.s.i.channel.DirectChannel - Channel 'unknown.channel.name' has 1 subscriber(s).
2025-11-13 11:18:37.796 WARN  [main] o.t.templatemode.TemplateMode - [THYMELEAF][main] Template Mode 'HTML5' is deprecated. Using Template Mode 'HTML' instead.
2025-11-13 11:18:38.385 INFO  [main] org.quartz.impl.StdSchedulerFactory - Using default implementation for ThreadExecutor
2025-11-13 11:18:38.394 INFO  [main] o.quartz.core.SchedulerSignalerImpl - Initialized Scheduler Signaller of type: class org.quartz.core.SchedulerSignalerImpl
2025-11-13 11:18:38.394 INFO  [main] org.quartz.core.QuartzScheduler - Quartz Scheduler v.2.3.0 created.
2025-11-13 11:18:38.395 INFO  [main] org.quartz.simpl.RAMJobStore - RAMJobStore initialized.
2025-11-13 11:18:38.395 INFO  [main] org.quartz.core.QuartzScheduler - Scheduler meta-data: Quartz Scheduler (v2.3.0) 'quartzScheduler' with instanceId 'NON_CLUSTERED'
  Scheduler class: 'org.quartz.core.QuartzScheduler' - running locally.
  NOT STARTED.
  Currently in standby mode.
  Number of jobs executed: 0
  Using thread pool 'org.quartz.simpl.SimpleThreadPool' - with 10 threads.
  Using job-store 'org.quartz.simpl.RAMJobStore' - which does not support persistence. and is not clustered.

2025-11-13 11:18:38.395 INFO  [main] org.quartz.impl.StdSchedulerFactory - Quartz scheduler 'quartzScheduler' initialized from an externally provided properties instance.
2025-11-13 11:18:38.395 INFO  [main] org.quartz.impl.StdSchedulerFactory - Quartz scheduler version: 2.3.0
2025-11-13 11:18:38.395 INFO  [main] org.quartz.core.QuartzScheduler - JobFactory set to: org.springframework.scheduling.quartz.SpringBeanJobFactory@6e12f38c
2025-11-13 11:18:38.412 INFO  [main] o.s.s.c.ThreadPoolTaskScheduler - Initializing ExecutorService 'taskScheduler'
2025-11-13 11:18:38.453 INFO  [main] o.s.b.a.e.web.EndpointLinksResolver - Exposing 2 endpoint(s) beneath base path '/actuator'
2025-11-13 11:18:38.644 INFO  [main] o.s.i.endpoint.EventDrivenConsumer - Adding {logging-channel-adapter:_org.springframework.integration.errorLogger} as a subscriber to the 'errorChannel' channel
2025-11-13 11:18:38.644 INFO  [main] o.s.i.c.PublishSubscribeChannel - Channel 'application.errorChannel' has 1 subscriber(s).
2025-11-13 11:18:38.644 INFO  [main] o.s.i.endpoint.EventDrivenConsumer - started _org.springframework.integration.errorLogger
2025-11-13 11:18:38.763 INFO  [main] o.s.i.m.i.MqttPahoMessageDrivenChannelAdapter - started toiletMqttInbound
2025-11-13 11:18:38.763 INFO  [main] o.s.s.quartz.SchedulerFactoryBean - Starting Quartz Scheduler now
2025-11-13 11:18:38.763 INFO  [main] org.quartz.core.QuartzScheduler - Scheduler quartzScheduler_$_NON_CLUSTERED started.
2025-11-13 11:18:38.788 INFO  [main] o.a.coyote.http11.Http11NioProtocol - Starting ProtocolHandler ["http-nio-0.0.0.0-9527"]
2025-11-13 11:18:38.800 INFO  [scheduling-1] cc.mrbird.febs.common.task.CacheTask - delete expired user
2025-11-13 11:18:38.801 INFO  [main] o.a.tomcat.util.net.NioSelectorPool - Using a shared selector for servlet write/read
2025-11-13 11:18:38.813 INFO  [main] o.s.b.w.e.tomcat.TomcatWebServer - Tomcat started on port(s): 9527 (http) with context path ''
2025-11-13 11:18:38.815 INFO  [main] cc.mrbird.febs.FebsApplication - Started FebsApplication in 11.979 seconds (JVM running for 17.721)
2025-11-13 11:18:38.821 INFO  [main] c.m.f.common.runner.CacheInitRunner - Redis连接中 ······
2025-11-13 11:18:38.822 INFO  [main] c.m.f.common.runner.CacheInitRunner - 缓存初始化 ······
2025-11-13 11:18:38.822 INFO  [main] c.m.f.common.runner.CacheInitRunner - 缓存用户数据 ······
2025-11-13 11:18:38.846 INFO  [scheduling-1] p6spy - 2025-11-13 11:18:38 | 耗时 1 ms | SQL 语句：
SELECT id,code,name,type_id,online_flag,create_date,open_flag,device_value,alert_value,value_type,remark,user_id,last_open_date,address FROM device_info;
2025-11-13 11:18:38.860 INFO  [main] p6spy - 2025-11-13 11:18:38 | 耗时 15 ms | SQL 语句：
SELECT USER_ID,username,password,dept_id,email,mobile,status,create_time,modify_time,last_login_time,ssex,description,avatar FROM t_user;
2025-11-13 11:18:38.876 INFO  [scheduling-1] p6spy - 2025-11-13 11:18:38 | 耗时 0 ms | SQL 语句：
SELECT id,device_id,device_type_id,type,score,create_date,remark FROM device_alert_info WHERE type = '2';
2025-11-13 11:18:38.905 INFO  [main] p6spy - 2025-11-13 11:18:38 | 耗时 41 ms | SQL 语句：
SELECT u.user_id userId, u.username, u.password, u.email, u.mobile, u. STATUS, u.create_time createTime, u.ssex, d.dept_id deptId, d.dept_name deptName, u.AVATAR, u.DESCRIPTION, u.LAST_LOGIN_TIME lastLoginTime, GROUP_CONCAT(r.role_id) roleId, GROUP_CONCAT(r.ROLE_NAME) roleName FROM t_user u LEFT JOIN t_dept d ON (u.dept_id = d.dept_id) LEFT JOIN t_user_role ur ON (u.user_id = ur.user_id) LEFT JOIN t_role r ON r.role_id = ur.role_id WHERE u.username = 'admin' group by u.username, u.user_id, u.password, u.email, u.mobile, u.STATUS, u.create_time, u.ssex, d.dept_id, d.dept_name, u.AVATAR, u.DESCRIPTION, u.LAST_LOGIN_TIME;
2025-11-13 11:18:38.950 INFO  [scheduling-1] p6spy - 2025-11-13 11:18:38 | 耗时 0 ms | SQL 语句：
SELECT id,code,name,type_id,online_flag,create_date,open_flag,device_value,alert_value,value_type,remark,user_id,last_open_date,address FROM device_info WHERE open_flag = '1';
2025-11-13 11:18:38.951 INFO  [main] p6spy - 2025-11-13 11:18:38 | 耗时 0 ms | SQL 语句：
select r.* from t_role r left join t_user_role ur on (r.role_id = ur.role_id) left join t_user u on (u.user_id = ur.user_id) where u.username = 'admin';
2025-11-13 11:18:38.953 INFO  [scheduling-1] p6spy - 2025-11-13 11:18:38 | 耗时 0 ms | SQL 语句：
SELECT id,device_id,device_type_id,type,score,create_date,remark FROM device_alert_info WHERE type = '1';
2025-11-13 11:18:38.978 INFO  [main] p6spy - 2025-11-13 11:18:38 | 耗时 20 ms | SQL 语句：
select distinct m.perms from t_role r left join t_user_role ur on (r.role_id = ur.role_id) left join t_user u on (u.user_id = ur.user_id) left join t_role_menu rm on (rm.role_id = r.role_id) left join t_menu m on (m.menu_id = rm.menu_id) where u.username = 'admin' and m.perms is not null and m.perms <> '';
2025-11-13 11:18:38.992 INFO  [main] p6spy - 2025-11-13 11:18:38 | 耗时 10 ms | SQL 语句：
SELECT USER_ID,theme,layout,multi_page,fix_siderbar,fix_header,color FROM t_user_config WHERE USER_ID='1' ;
2025-11-13 11:18:38.996 INFO  [main] p6spy - 2025-11-13 11:18:38 | 耗时 0 ms | SQL 语句：
SELECT u.user_id userId, u.username, u.password, u.email, u.mobile, u. STATUS, u.create_time createTime, u.ssex, d.dept_id deptId, d.dept_name deptName, u.AVATAR, u.DESCRIPTION, u.LAST_LOGIN_TIME lastLoginTime, GROUP_CONCAT(r.role_id) roleId, GROUP_CONCAT(r.ROLE_NAME) roleName FROM t_user u LEFT JOIN t_dept d ON (u.dept_id = d.dept_id) LEFT JOIN t_user_role ur ON (u.user_id = ur.user_id) LEFT JOIN t_role r ON r.role_id = ur.role_id WHERE u.username = 'doctor' group by u.username, u.user_id, u.password, u.email, u.mobile, u.STATUS, u.create_time, u.ssex, d.dept_id, d.dept_name, u.AVATAR, u.DESCRIPTION, u.LAST_LOGIN_TIME;
2025-11-13 11:18:38.998 INFO  [main] p6spy - 2025-11-13 11:18:38 | 耗时 0 ms | SQL 语句：
select r.* from t_role r left join t_user_role ur on (r.role_id = ur.role_id) left join t_user u on (u.user_id = ur.user_id) where u.username = 'doctor';
2025-11-13 11:18:39.001 INFO  [main] p6spy - 2025-11-13 11:18:39 | 耗时 0 ms | SQL 语句：
select distinct m.perms from t_role r left join t_user_role ur on (r.role_id = ur.role_id) left join t_user u on (u.user_id = ur.user_id) left join t_role_menu rm on (rm.role_id = r.role_id) left join t_menu m on (m.menu_id = rm.menu_id) where u.username = 'doctor' and m.perms is not null and m.perms <> '';
2025-11-13 11:18:39.002 INFO  [main] p6spy - 2025-11-13 11:18:39 | 耗时 0 ms | SQL 语句：
SELECT USER_ID,theme,layout,multi_page,fix_siderbar,fix_header,color FROM t_user_config WHERE USER_ID='2' ;
2025-11-13 11:18:39.004 INFO  [main] p6spy - 2025-11-13 11:18:39 | 耗时 0 ms | SQL 语句：
SELECT u.user_id userId, u.username, u.password, u.email, u.mobile, u. STATUS, u.create_time createTime, u.ssex, d.dept_id deptId, d.dept_name deptName, u.AVATAR, u.DESCRIPTION, u.LAST_LOGIN_TIME lastLoginTime, GROUP_CONCAT(r.role_id) roleId, GROUP_CONCAT(r.ROLE_NAME) roleName FROM t_user u LEFT JOIN t_dept d ON (u.dept_id = d.dept_id) LEFT JOIN t_user_role ur ON (u.user_id = ur.user_id) LEFT JOIN t_role r ON r.role_id = ur.role_id WHERE u.username = 'nurse' group by u.username, u.user_id, u.password, u.email, u.mobile, u.STATUS, u.create_time, u.ssex, d.dept_id, d.dept_name, u.AVATAR, u.DESCRIPTION, u.LAST_LOGIN_TIME;
2025-11-13 11:18:39.005 INFO  [main] p6spy - 2025-11-13 11:18:39 | 耗时 0 ms | SQL 语句：
select r.* from t_role r left join t_user_role ur on (r.role_id = ur.role_id) left join t_user u on (u.user_id = ur.user_id) where u.username = 'nurse';
2025-11-13 11:18:39.007 INFO  [main] p6spy - 2025-11-13 11:18:39 | 耗时 0 ms | SQL 语句：
select distinct m.perms from t_role r left join t_user_role ur on (r.role_id = ur.role_id) left join t_user u on (u.user_id = ur.user_id) left join t_role_menu rm on (rm.role_id = r.role_id) left join t_menu m on (m.menu_id = rm.menu_id) where u.username = 'nurse' and m.perms is not null and m.perms <> '';
2025-11-13 11:18:39.008 INFO  [main] p6spy - 2025-11-13 11:18:39 | 耗时 0 ms | SQL 语句：
SELECT USER_ID,theme,layout,multi_page,fix_siderbar,fix_header,color FROM t_user_config WHERE USER_ID='3' ;
2025-11-13 11:18:39.009 INFO  [main] c.m.f.common.runner.StartedUpRunner -  __    ___   _      ___   _     ____ _____  ____ 
2025-11-13 11:18:39.009 INFO  [main] c.m.f.common.runner.StartedUpRunner - / /`  / / \ | |\/| | |_) | |   | |_   | |  | |_  
2025-11-13 11:18:39.009 INFO  [main] c.m.f.common.runner.StartedUpRunner - \_\_, \_\_/ |_|  | |_|   |_|__ |_|__  |_|  |_|__ 
2025-11-13 11:18:39.009 INFO  [main] c.m.f.common.runner.StartedUpRunner -                                                       
2025-11-13 11:18:39.009 INFO  [main] c.m.f.common.runner.StartedUpRunner - 启动完毕，时间：2025-11-13T11:18:39.009
2025-11-13 11:18:39.585 INFO  [RMI TCP Connection(1)-192.168.10.15] o.a.c.c.C.[Tomcat].[localhost].[/] - Initializing Spring DispatcherServlet 'dispatcherServlet'
2025-11-13 11:18:39.585 INFO  [RMI TCP Connection(1)-192.168.10.15] o.s.web.servlet.DispatcherServlet - Initializing Servlet 'dispatcherServlet'
2025-11-13 11:18:39.599 INFO  [RMI TCP Connection(2)-192.168.10.15] p6spy - 2025-11-13 11:18:39 | 耗时 4 ms | SQL 语句：
/* ping */ SELECT 1;
2025-11-13 11:18:39.620 INFO  [RMI TCP Connection(1)-192.168.10.15] o.s.web.servlet.DispatcherServlet - Completed initialization in 35 ms
2025-11-13 11:18:56.307 INFO  [Thread-31] org.quartz.core.QuartzScheduler - Scheduler quartzScheduler_$_NON_CLUSTERED paused.
2025-11-13 11:18:58.357 INFO  [Thread-31] o.s.i.m.i.MqttPahoMessageDrivenChannelAdapter - stopped toiletMqttInbound
2025-11-13 11:18:58.357 INFO  [Thread-31] o.s.i.endpoint.EventDrivenConsumer - Removing {logging-channel-adapter:_org.springframework.integration.errorLogger} as a subscriber to the 'errorChannel' channel
2025-11-13 11:18:58.357 INFO  [Thread-31] o.s.i.c.PublishSubscribeChannel - Channel 'application.errorChannel' has 0 subscriber(s).
2025-11-13 11:18:58.357 INFO  [Thread-31] o.s.i.endpoint.EventDrivenConsumer - stopped _org.springframework.integration.errorLogger
2025-11-13 11:18:58.358 INFO  [Thread-31] o.s.s.c.ThreadPoolTaskScheduler - Shutting down ExecutorService 'taskScheduler'
2025-11-13 11:18:58.359 INFO  [Thread-31] o.s.s.quartz.SchedulerFactoryBean - Shutting down Quartz Scheduler
2025-11-13 11:18:58.359 INFO  [Thread-31] org.quartz.core.QuartzScheduler - Scheduler quartzScheduler_$_NON_CLUSTERED shutting down.
2025-11-13 11:18:58.359 INFO  [Thread-31] org.quartz.core.QuartzScheduler - Scheduler quartzScheduler_$_NON_CLUSTERED paused.
2025-11-13 11:18:58.359 INFO  [Thread-31] org.quartz.core.QuartzScheduler - Scheduler quartzScheduler_$_NON_CLUSTERED shutdown complete.
2025-11-13 11:18:58.365 INFO  [Thread-31] o.s.s.c.ThreadPoolTaskExecutor - Shutting down ExecutorService 'taskExecutor'
2025-11-13 11:18:58.369 INFO  [Thread-31] c.b.d.d.DynamicRoutingDataSource - closing dynamicDatasource  ing....
2025-11-13 11:18:58.369 INFO  [Thread-31] com.zaxxer.hikari.HikariDataSource - primary - Shutdown initiated...
2025-11-13 11:18:58.371 INFO  [Thread-31] com.zaxxer.hikari.HikariDataSource - primary - Shutdown completed.
