2025-09-29 09:02:16.206 febs [http-nio-9527-exec-2] ERROR c.m.f.c.authentication.JWTFilter - token已经过期
2025-09-29 09:02:16.208 febs [http-nio-9527-exec-2] ERROR c.m.f.c.authentication.JWTFilter - token已经过期
2025-09-29 09:26:39.188 febs [main] ERROR o.s.i.m.i.MqttPahoMessageDrivenChannelAdapter - Error connecting or subscribing to [device/+/status,device/+/heartbeat]
org.eclipse.paho.client.mqttv3.MqttException: MqttException
	at org.eclipse.paho.client.mqttv3.MqttClient.subscribe(MqttClient.java:438)
	at org.springframework.integration.mqtt.inbound.MqttPahoMessageDrivenChannelAdapter.connectAndSubscribe(MqttPahoMessageDrivenChannelAdapter.java:248)
	at org.springframework.integration.mqtt.inbound.MqttPahoMessageDrivenChannelAdapter.doStart(MqttPahoMessageDrivenChannelAdapter.java:148)
	at org.springframework.integration.endpoint.AbstractEndpoint.start(AbstractEndpoint.java:162)
	at org.springframework.context.support.DefaultLifecycleProcessor.doStart(DefaultLifecycleProcessor.java:182)
	at org.springframework.context.support.DefaultLifecycleProcessor.access$200(DefaultLifecycleProcessor.java:53)
	at org.springframework.context.support.DefaultLifecycleProcessor$LifecycleGroup.start(DefaultLifecycleProcessor.java:360)
	at org.springframework.context.support.DefaultLifecycleProcessor.startBeans(DefaultLifecycleProcessor.java:158)
	at org.springframework.context.support.DefaultLifecycleProcessor.onRefresh(DefaultLifecycleProcessor.java:122)
	at org.springframework.context.support.AbstractApplicationContext.finishRefresh(AbstractApplicationContext.java:879)
	at org.springframework.boot.web.servlet.context.ServletWebServerApplicationContext.finishRefresh(ServletWebServerApplicationContext.java:161)
	at org.springframework.context.support.AbstractApplicationContext.refresh(AbstractApplicationContext.java:549)
	at org.springframework.boot.web.servlet.context.ServletWebServerApplicationContext.refresh(ServletWebServerApplicationContext.java:140)
	at org.springframework.boot.SpringApplication.refresh(SpringApplication.java:775)
	at org.springframework.boot.SpringApplication.refreshContext(SpringApplication.java:397)
	at org.springframework.boot.SpringApplication.run(SpringApplication.java:316)
	at org.springframework.boot.builder.SpringApplicationBuilder.run(SpringApplicationBuilder.java:139)
	at cc.mrbird.febs.FebsApplication.main(FebsApplication.java:19)
2025-09-29 09:26:41.271 febs [main] ERROR o.s.i.m.i.MqttPahoMessageDrivenChannelAdapter - Exception while connecting and subscribing, retrying
org.eclipse.paho.client.mqttv3.MqttException: MqttException
	at org.eclipse.paho.client.mqttv3.MqttClient.subscribe(MqttClient.java:438)
	at org.springframework.integration.mqtt.inbound.MqttPahoMessageDrivenChannelAdapter.connectAndSubscribe(MqttPahoMessageDrivenChannelAdapter.java:248)
	at org.springframework.integration.mqtt.inbound.MqttPahoMessageDrivenChannelAdapter.doStart(MqttPahoMessageDrivenChannelAdapter.java:148)
	at org.springframework.integration.endpoint.AbstractEndpoint.start(AbstractEndpoint.java:162)
	at org.springframework.context.support.DefaultLifecycleProcessor.doStart(DefaultLifecycleProcessor.java:182)
	at org.springframework.context.support.DefaultLifecycleProcessor.access$200(DefaultLifecycleProcessor.java:53)
	at org.springframework.context.support.DefaultLifecycleProcessor$LifecycleGroup.start(DefaultLifecycleProcessor.java:360)
	at org.springframework.context.support.DefaultLifecycleProcessor.startBeans(DefaultLifecycleProcessor.java:158)
	at org.springframework.context.support.DefaultLifecycleProcessor.onRefresh(DefaultLifecycleProcessor.java:122)
	at org.springframework.context.support.AbstractApplicationContext.finishRefresh(AbstractApplicationContext.java:879)
	at org.springframework.boot.web.servlet.context.ServletWebServerApplicationContext.finishRefresh(ServletWebServerApplicationContext.java:161)
	at org.springframework.context.support.AbstractApplicationContext.refresh(AbstractApplicationContext.java:549)
	at org.springframework.boot.web.servlet.context.ServletWebServerApplicationContext.refresh(ServletWebServerApplicationContext.java:140)
	at org.springframework.boot.SpringApplication.refresh(SpringApplication.java:775)
	at org.springframework.boot.SpringApplication.refreshContext(SpringApplication.java:397)
	at org.springframework.boot.SpringApplication.run(SpringApplication.java:316)
	at org.springframework.boot.builder.SpringApplicationBuilder.run(SpringApplicationBuilder.java:139)
	at cc.mrbird.febs.FebsApplication.main(FebsApplication.java:19)
2025-09-29 09:27:24.926 febs [main] ERROR o.s.i.m.i.MqttPahoMessageDrivenChannelAdapter - Error connecting or subscribing to [device/+/status,device/+/heartbeat]
org.eclipse.paho.client.mqttv3.MqttException: MqttException
	at org.eclipse.paho.client.mqttv3.MqttClient.subscribe(MqttClient.java:438)
	at org.springframework.integration.mqtt.inbound.MqttPahoMessageDrivenChannelAdapter.connectAndSubscribe(MqttPahoMessageDrivenChannelAdapter.java:248)
	at org.springframework.integration.mqtt.inbound.MqttPahoMessageDrivenChannelAdapter.doStart(MqttPahoMessageDrivenChannelAdapter.java:148)
	at org.springframework.integration.endpoint.AbstractEndpoint.start(AbstractEndpoint.java:162)
	at org.springframework.context.support.DefaultLifecycleProcessor.doStart(DefaultLifecycleProcessor.java:182)
	at org.springframework.context.support.DefaultLifecycleProcessor.access$200(DefaultLifecycleProcessor.java:53)
	at org.springframework.context.support.DefaultLifecycleProcessor$LifecycleGroup.start(DefaultLifecycleProcessor.java:360)
	at org.springframework.context.support.DefaultLifecycleProcessor.startBeans(DefaultLifecycleProcessor.java:158)
	at org.springframework.context.support.DefaultLifecycleProcessor.onRefresh(DefaultLifecycleProcessor.java:122)
	at org.springframework.context.support.AbstractApplicationContext.finishRefresh(AbstractApplicationContext.java:879)
	at org.springframework.boot.web.servlet.context.ServletWebServerApplicationContext.finishRefresh(ServletWebServerApplicationContext.java:161)
	at org.springframework.context.support.AbstractApplicationContext.refresh(AbstractApplicationContext.java:549)
	at org.springframework.boot.web.servlet.context.ServletWebServerApplicationContext.refresh(ServletWebServerApplicationContext.java:140)
	at org.springframework.boot.SpringApplication.refresh(SpringApplication.java:775)
	at org.springframework.boot.SpringApplication.refreshContext(SpringApplication.java:397)
	at org.springframework.boot.SpringApplication.run(SpringApplication.java:316)
	at org.springframework.boot.builder.SpringApplicationBuilder.run(SpringApplicationBuilder.java:139)
	at cc.mrbird.febs.FebsApplication.main(FebsApplication.java:19)
2025-09-29 09:27:26.966 febs [main] ERROR o.s.i.m.i.MqttPahoMessageDrivenChannelAdapter - Exception while connecting and subscribing, retrying
org.eclipse.paho.client.mqttv3.MqttException: MqttException
	at org.eclipse.paho.client.mqttv3.MqttClient.subscribe(MqttClient.java:438)
	at org.springframework.integration.mqtt.inbound.MqttPahoMessageDrivenChannelAdapter.connectAndSubscribe(MqttPahoMessageDrivenChannelAdapter.java:248)
	at org.springframework.integration.mqtt.inbound.MqttPahoMessageDrivenChannelAdapter.doStart(MqttPahoMessageDrivenChannelAdapter.java:148)
	at org.springframework.integration.endpoint.AbstractEndpoint.start(AbstractEndpoint.java:162)
	at org.springframework.context.support.DefaultLifecycleProcessor.doStart(DefaultLifecycleProcessor.java:182)
	at org.springframework.context.support.DefaultLifecycleProcessor.access$200(DefaultLifecycleProcessor.java:53)
	at org.springframework.context.support.DefaultLifecycleProcessor$LifecycleGroup.start(DefaultLifecycleProcessor.java:360)
	at org.springframework.context.support.DefaultLifecycleProcessor.startBeans(DefaultLifecycleProcessor.java:158)
	at org.springframework.context.support.DefaultLifecycleProcessor.onRefresh(DefaultLifecycleProcessor.java:122)
	at org.springframework.context.support.AbstractApplicationContext.finishRefresh(AbstractApplicationContext.java:879)
	at org.springframework.boot.web.servlet.context.ServletWebServerApplicationContext.finishRefresh(ServletWebServerApplicationContext.java:161)
	at org.springframework.context.support.AbstractApplicationContext.refresh(AbstractApplicationContext.java:549)
	at org.springframework.boot.web.servlet.context.ServletWebServerApplicationContext.refresh(ServletWebServerApplicationContext.java:140)
	at org.springframework.boot.SpringApplication.refresh(SpringApplication.java:775)
	at org.springframework.boot.SpringApplication.refreshContext(SpringApplication.java:397)
	at org.springframework.boot.SpringApplication.run(SpringApplication.java:316)
	at org.springframework.boot.builder.SpringApplicationBuilder.run(SpringApplicationBuilder.java:139)
	at cc.mrbird.febs.FebsApplication.main(FebsApplication.java:19)
