2025-11-11 10:38:59.809 febs [main] ERROR o.s.b.d.LoggingFailureAnalysisReporter - 

***************************
APPLICATION FAILED TO START
***************************

Description:

Parameter 0 of constructor in cc.mrbird.febs.common.mqtt.MqttClientService required a single bean, but 5 were found:
	- toiletMqttOutboundChannel: defined by method 'toiletMqttOutboundChannel' in class path resource [cc/mrbird/febs/common/mqtt/DeviceMqttConfig.class]
	- toiletMqttInboundChannel: defined by method 'toiletMqttInboundChannel' in class path resource [cc/mrbird/febs/common/mqtt/DeviceMqttConfig.class]
	- tmsMqttOutboundChannel: defined by method 'tmsMqttOutboundChannel' in class path resource [cc/mrbird/febs/common/mqtt/PrescriptionMqttConfig.class]
	- nullChannel: defined in null
	- errorChannel: defined in null


Action:

Consider marking one of the beans as @Primary, updating the consumer to accept multiple beans, or using @Qualifier to identify the bean that should be consumed

2025-11-11 10:40:31.018 febs [main] ERROR o.s.b.d.LoggingFailureAnalysisReporter - 

***************************
APPLICATION FAILED TO START
***************************

Description:

Parameter 0 of constructor in cc.mrbird.febs.common.mqtt.MqttClientService required a single bean, but 5 were found:
	- toiletMqttOutboundChannel: defined by method 'toiletMqttOutboundChannel' in class path resource [cc/mrbird/febs/common/mqtt/DeviceMqttConfig.class]
	- toiletMqttInboundChannel: defined by method 'toiletMqttInboundChannel' in class path resource [cc/mrbird/febs/common/mqtt/DeviceMqttConfig.class]
	- tmsMqttOutboundChannel: defined by method 'tmsMqttOutboundChannel' in class path resource [cc/mrbird/febs/common/mqtt/PrescriptionMqttConfig.class]
	- nullChannel: defined in null
	- errorChannel: defined in null


Action:

Consider marking one of the beans as @Primary, updating the consumer to accept multiple beans, or using @Qualifier to identify the bean that should be consumed

